mode: atomic
github.com/dicedb/dicedb-go/internal/rand/rand.go:9.16,9.39 1 0
github.com/dicedb/dicedb-go/internal/rand/rand.go:13.22,13.47 1 0
github.com/dicedb/dicedb-go/internal/rand/rand.go:17.28,17.55 1 0
github.com/dicedb/dicedb-go/internal/rand/rand.go:20.24,20.49 1 0
github.com/dicedb/dicedb-go/internal/rand/rand.go:25.20,25.38 1 0
github.com/dicedb/dicedb-go/internal/rand/rand.go:34.32,39.2 4 0
github.com/dicedb/dicedb-go/internal/rand/rand.go:41.35,45.2 3 0
github.com/dicedb/dicedb-go/internal/rand/rand.go:50.42,50.69 1 0
github.com/dicedb/dicedb-go/internal/util/strconv.go:5.34,7.2 1 0
github.com/dicedb/dicedb-go/internal/util/strconv.go:9.63,11.2 1 0
github.com/dicedb/dicedb-go/internal/util/strconv.go:13.65,15.2 1 0
github.com/dicedb/dicedb-go/internal/util/strconv.go:17.57,19.2 1 0
github.com/dicedb/dicedb-go/internal/util/type.go:3.27,5.2 1 0
github.com/dicedb/dicedb-go/internal/util/unsafe.go:10.37,12.2 1 0
github.com/dicedb/dicedb-go/internal/util/unsafe.go:15.37,22.2 1 0
github.com/dicedb/dicedb-go/internal/hscan/hscan.go:55.51,59.42 2 29
github.com/dicedb/dicedb-go/internal/hscan/hscan.go:59.42,61.3 1 2
github.com/dicedb/dicedb-go/internal/hscan/hscan.go:63.2,64.32 2 27
github.com/dicedb/dicedb-go/internal/hscan/hscan.go:64.32,66.3 1 1
github.com/dicedb/dicedb-go/internal/hscan/hscan.go:68.2,71.8 1 26
github.com/dicedb/dicedb-go/internal/hscan/hscan.go:76.74,77.28 1 32
github.com/dicedb/dicedb-go/internal/hscan/hscan.go:77.28,79.3 1 3
github.com/dicedb/dicedb-go/internal/hscan/hscan.go:81.2,82.16 2 29
github.com/dicedb/dicedb-go/internal/hscan/hscan.go:82.16,84.3 1 3
github.com/dicedb/dicedb-go/internal/hscan/hscan.go:87.2,87.33 1 26
github.com/dicedb/dicedb-go/internal/hscan/hscan.go:87.33,89.10 2 57
github.com/dicedb/dicedb-go/internal/hscan/hscan.go:89.10,90.12 1 0
github.com/dicedb/dicedb-go/internal/hscan/hscan.go:93.3,94.10 2 57
github.com/dicedb/dicedb-go/internal/hscan/hscan.go:94.10,95.12 1 0
github.com/dicedb/dicedb-go/internal/hscan/hscan.go:98.3,98.46 1 57
github.com/dicedb/dicedb-go/internal/hscan/hscan.go:98.46,100.4 1 17
github.com/dicedb/dicedb-go/internal/hscan/hscan.go:103.2,103.12 1 9
github.com/dicedb/dicedb-go/internal/hscan/hscan.go:106.50,108.16 2 7
github.com/dicedb/dicedb-go/internal/hscan/hscan.go:108.16,110.3 1 3
github.com/dicedb/dicedb-go/internal/hscan/hscan.go:111.2,112.12 2 4
github.com/dicedb/dicedb-go/internal/hscan/hscan.go:115.50,117.2 1 2
github.com/dicedb/dicedb-go/internal/hscan/hscan.go:119.51,121.2 1 2
github.com/dicedb/dicedb-go/internal/hscan/hscan.go:123.51,125.2 1 2
github.com/dicedb/dicedb-go/internal/hscan/hscan.go:127.51,129.2 1 3
github.com/dicedb/dicedb-go/internal/hscan/hscan.go:131.49,133.2 1 3
github.com/dicedb/dicedb-go/internal/hscan/hscan.go:135.65,137.16 2 12
github.com/dicedb/dicedb-go/internal/hscan/hscan.go:137.16,139.3 1 5
github.com/dicedb/dicedb-go/internal/hscan/hscan.go:140.2,141.12 2 7
github.com/dicedb/dicedb-go/internal/hscan/hscan.go:144.51,146.2 1 2
github.com/dicedb/dicedb-go/internal/hscan/hscan.go:148.52,150.2 1 2
github.com/dicedb/dicedb-go/internal/hscan/hscan.go:152.52,154.2 1 2
github.com/dicedb/dicedb-go/internal/hscan/hscan.go:156.52,158.2 1 3
github.com/dicedb/dicedb-go/internal/hscan/hscan.go:160.50,162.2 1 4
github.com/dicedb/dicedb-go/internal/hscan/hscan.go:164.73,166.16 2 13
github.com/dicedb/dicedb-go/internal/hscan/hscan.go:166.16,168.3 1 6
github.com/dicedb/dicedb-go/internal/hscan/hscan.go:169.2,170.12 2 7
github.com/dicedb/dicedb-go/internal/hscan/hscan.go:173.53,175.16 2 6
github.com/dicedb/dicedb-go/internal/hscan/hscan.go:175.16,177.3 1 2
github.com/dicedb/dicedb-go/internal/hscan/hscan.go:178.2,179.12 2 4
github.com/dicedb/dicedb-go/internal/hscan/hscan.go:183.53,185.16 2 3
github.com/dicedb/dicedb-go/internal/hscan/hscan.go:185.16,187.3 1 1
github.com/dicedb/dicedb-go/internal/hscan/hscan.go:188.2,189.12 2 2
github.com/dicedb/dicedb-go/internal/hscan/hscan.go:192.52,195.2 2 5
github.com/dicedb/dicedb-go/internal/hscan/hscan.go:197.51,199.45 1 2
github.com/dicedb/dicedb-go/internal/hscan/hscan.go:199.45,201.3 1 2
github.com/dicedb/dicedb-go/internal/hscan/hscan.go:202.2,202.12 1 2
github.com/dicedb/dicedb-go/internal/hscan/hscan.go:205.57,207.2 1 0
github.com/dicedb/dicedb-go/internal/hscan/structmap.go:19.32,21.2 1 1
github.com/dicedb/dicedb-go/internal/hscan/structmap.go:23.53,24.30 1 26
github.com/dicedb/dicedb-go/internal/hscan/structmap.go:24.30,26.3 1 22
github.com/dicedb/dicedb-go/internal/hscan/structmap.go:28.2,30.13 3 4
github.com/dicedb/dicedb-go/internal/hscan/structmap.go:40.55,42.2 1 25
github.com/dicedb/dicedb-go/internal/hscan/structmap.go:44.65,50.32 3 4
github.com/dicedb/dicedb-go/internal/hscan/structmap.go:50.32,54.30 3 27
github.com/dicedb/dicedb-go/internal/hscan/structmap.go:54.30,55.12 1 2
github.com/dicedb/dicedb-go/internal/hscan/structmap.go:58.3,59.16 2 25
github.com/dicedb/dicedb-go/internal/hscan/structmap.go:59.16,60.12 1 0
github.com/dicedb/dicedb-go/internal/hscan/structmap.go:64.3,65.30 2 25
github.com/dicedb/dicedb-go/internal/hscan/structmap.go:65.30,67.4 1 2
github.com/dicedb/dicedb-go/internal/hscan/structmap.go:68.3,68.59 1 25
github.com/dicedb/dicedb-go/internal/hscan/structmap.go:71.2,71.12 1 4
github.com/dicedb/dicedb-go/internal/hscan/structmap.go:89.59,91.9 2 57
github.com/dicedb/dicedb-go/internal/hscan/structmap.go:91.9,93.3 1 7
github.com/dicedb/dicedb-go/internal/hscan/structmap.go:95.2,98.24 3 50
github.com/dicedb/dicedb-go/internal/hscan/structmap.go:98.24,100.3 1 2
github.com/dicedb/dicedb-go/internal/hscan/structmap.go:101.2,101.52 1 50
github.com/dicedb/dicedb-go/internal/hscan/structmap.go:101.52,104.3 2 46
github.com/dicedb/dicedb-go/internal/hscan/structmap.go:106.2,106.59 1 50
github.com/dicedb/dicedb-go/internal/hscan/structmap.go:106.59,107.39 1 2
github.com/dicedb/dicedb-go/internal/hscan/structmap.go:108.16,109.32 1 1
github.com/dicedb/dicedb-go/internal/hscan/structmap.go:110.33,111.56 1 1
github.com/dicedb/dicedb-go/internal/hscan/structmap.go:115.2,115.11 1 48
github.com/dicedb/dicedb-go/internal/hscan/structmap.go:115.11,117.3 1 46
github.com/dicedb/dicedb-go/internal/hscan/structmap.go:119.2,119.43 1 48
github.com/dicedb/dicedb-go/internal/hscan/structmap.go:119.43,123.3 2 17
github.com/dicedb/dicedb-go/internal/hscan/structmap.go:124.2,124.12 1 31
github.com/dicedb/dicedb-go/internal/util/strconv.go:5.34,7.2 1 0
github.com/dicedb/dicedb-go/internal/util/strconv.go:9.63,11.2 1 0
github.com/dicedb/dicedb-go/internal/util/strconv.go:13.65,15.2 1 0
github.com/dicedb/dicedb-go/internal/util/strconv.go:17.57,19.2 1 0
github.com/dicedb/dicedb-go/internal/util/type.go:3.27,5.2 1 2
github.com/dicedb/dicedb-go/internal/util/unsafe.go:10.37,12.2 1 0
github.com/dicedb/dicedb-go/internal/util/unsafe.go:15.37,22.2 1 1
github.com/dicedb/dicedb-go/internal/arg.go:11.48,12.23 1 0
github.com/dicedb/dicedb-go/internal/arg.go:13.11,14.31 1 0
github.com/dicedb/dicedb-go/internal/arg.go:15.14,16.52 1 0
github.com/dicedb/dicedb-go/internal/arg.go:17.14,18.32 1 0
github.com/dicedb/dicedb-go/internal/arg.go:19.11,20.44 1 0
github.com/dicedb/dicedb-go/internal/arg.go:21.12,22.44 1 0
github.com/dicedb/dicedb-go/internal/arg.go:23.13,24.44 1 0
github.com/dicedb/dicedb-go/internal/arg.go:25.13,26.44 1 0
github.com/dicedb/dicedb-go/internal/arg.go:27.13,28.37 1 0
github.com/dicedb/dicedb-go/internal/arg.go:29.12,30.46 1 0
github.com/dicedb/dicedb-go/internal/arg.go:31.13,32.46 1 0
github.com/dicedb/dicedb-go/internal/arg.go:33.14,34.46 1 0
github.com/dicedb/dicedb-go/internal/arg.go:35.14,36.46 1 0
github.com/dicedb/dicedb-go/internal/arg.go:37.14,38.38 1 0
github.com/dicedb/dicedb-go/internal/arg.go:39.15,40.57 1 0
github.com/dicedb/dicedb-go/internal/arg.go:41.15,42.48 1 0
github.com/dicedb/dicedb-go/internal/arg.go:43.12,44.8 1 0
github.com/dicedb/dicedb-go/internal/arg.go:44.8,46.4 1 0
github.com/dicedb/dicedb-go/internal/arg.go:47.3,47.31 1 0
github.com/dicedb/dicedb-go/internal/arg.go:48.17,49.45 1 0
github.com/dicedb/dicedb-go/internal/arg.go:50.10,51.37 1 0
github.com/dicedb/dicedb-go/internal/arg.go:55.54,58.2 2 0
github.com/dicedb/dicedb-go/internal/internal.go:9.82,10.15 1 17
github.com/dicedb/dicedb-go/internal/internal.go:10.15,11.23 1 0
github.com/dicedb/dicedb-go/internal/internal.go:13.2,13.21 1 17
github.com/dicedb/dicedb-go/internal/internal.go:13.21,15.3 1 0
github.com/dicedb/dicedb-go/internal/internal.go:17.2,18.20 2 17
github.com/dicedb/dicedb-go/internal/internal.go:18.20,20.3 1 0
github.com/dicedb/dicedb-go/internal/internal.go:22.2,24.38 2 17
github.com/dicedb/dicedb-go/internal/internal.go:24.38,26.3 1 5
github.com/dicedb/dicedb-go/internal/internal.go:28.2,28.10 1 17
github.com/dicedb/dicedb-go/internal/log.go:18.79,20.2 1 0
github.com/dicedb/dicedb-go/internal/once.go:48.41,49.37 1 0
github.com/dicedb/dicedb-go/internal/once.go:49.37,51.3 1 0
github.com/dicedb/dicedb-go/internal/once.go:53.2,56.17 4 0
github.com/dicedb/dicedb-go/internal/once.go:56.17,58.17 2 0
github.com/dicedb/dicedb-go/internal/once.go:58.17,60.4 1 0
github.com/dicedb/dicedb-go/internal/once.go:62.2,62.12 1 0
github.com/dicedb/dicedb-go/internal/util.go:13.58,17.9 3 0
github.com/dicedb/dicedb-go/internal/util.go:18.13,19.13 1 0
github.com/dicedb/dicedb-go/internal/util.go:20.20,21.19 1 0
github.com/dicedb/dicedb-go/internal/util.go:25.31,26.16 1 0
github.com/dicedb/dicedb-go/internal/util.go:26.16,28.3 1 0
github.com/dicedb/dicedb-go/internal/util.go:30.2,31.19 2 0
github.com/dicedb/dicedb-go/internal/util.go:31.19,33.27 2 0
github.com/dicedb/dicedb-go/internal/util.go:33.27,35.4 1 0
github.com/dicedb/dicedb-go/internal/util.go:36.3,36.11 1 0
github.com/dicedb/dicedb-go/internal/util.go:38.2,38.30 1 0
github.com/dicedb/dicedb-go/internal/util.go:41.29,42.30 1 0
github.com/dicedb/dicedb-go/internal/util.go:42.30,44.27 2 0
github.com/dicedb/dicedb-go/internal/util.go:44.27,46.4 1 0
github.com/dicedb/dicedb-go/internal/util.go:48.2,48.13 1 0
github.com/dicedb/dicedb-go/internal/util.go:51.37,57.25 3 0
github.com/dicedb/dicedb-go/internal/util.go:57.25,58.18 1 0
github.com/dicedb/dicedb-go/internal/util.go:58.18,61.4 1 0
github.com/dicedb/dicedb-go/internal/util.go:61.9,64.4 1 0
github.com/dicedb/dicedb-go/internal/util.go:67.2,67.25 1 0
github.com/dicedb/dicedb-go/internal/util.go:70.34,72.15 2 0
github.com/dicedb/dicedb-go/internal/util.go:72.15,74.3 1 0
github.com/dicedb/dicedb-go/internal/util.go:76.2,76.40 1 0
github.com/dicedb/dicedb-go/internal/util.go:76.40,78.3 1 0
github.com/dicedb/dicedb-go/internal/util.go:80.2,80.20 1 0
github.com/dicedb/dicedb-go/internal/util.go:80.20,82.3 1 0
github.com/dicedb/dicedb-go/internal/util.go:83.2,83.51 1 0
github.com/dicedb/dicedb-go/internal/util.go:86.37,87.25 1 0
github.com/dicedb/dicedb-go/internal/util.go:88.11,89.11 1 0
github.com/dicedb/dicedb-go/internal/util.go:90.13,91.16 1 0
github.com/dicedb/dicedb-go/internal/util.go:92.14,94.11 2 0
github.com/dicedb/dicedb-go/internal/util.go:95.10,96.11 1 0
github.com/dicedb/dicedb-go/internal/util.go:100.39,101.25 1 0
github.com/dicedb/dicedb-go/internal/util.go:102.15,103.11 1 0
github.com/dicedb/dicedb-go/internal/util.go:104.14,106.11 2 0
github.com/dicedb/dicedb-go/internal/util.go:107.10,108.13 1 0
github.com/dicedb/dicedb-go/internal/util.go:112.39,113.33 1 0
github.com/dicedb/dicedb-go/internal/util.go:113.33,115.3 1 0
github.com/dicedb/dicedb-go/internal/util.go:116.2,116.11 1 0
github.com/dicedb/dicedb-go/internal/util.go:119.46,120.40 1 0
github.com/dicedb/dicedb-go/internal/util.go:120.40,122.25 2 0
github.com/dicedb/dicedb-go/internal/util.go:122.25,124.4 1 0
github.com/dicedb/dicedb-go/internal/util.go:125.3,125.16 1 0
github.com/dicedb/dicedb-go/internal/util.go:127.2,127.12 1 0
github.com/dicedb/dicedb-go/internal/rand/rand.go:9.16,9.39 1 0
github.com/dicedb/dicedb-go/internal/rand/rand.go:13.22,13.47 1 0
github.com/dicedb/dicedb-go/internal/rand/rand.go:17.28,17.55 1 17
github.com/dicedb/dicedb-go/internal/rand/rand.go:20.24,20.49 1 0
github.com/dicedb/dicedb-go/internal/rand/rand.go:25.20,25.38 1 0
github.com/dicedb/dicedb-go/internal/rand/rand.go:34.32,39.2 4 17
github.com/dicedb/dicedb-go/internal/rand/rand.go:41.35,45.2 3 0
github.com/dicedb/dicedb-go/internal/rand/rand.go:50.42,50.69 1 0
github.com/dicedb/dicedb-go/internal/util/strconv.go:5.34,7.2 1 0
github.com/dicedb/dicedb-go/internal/util/strconv.go:9.63,11.2 1 0
github.com/dicedb/dicedb-go/internal/util/strconv.go:13.65,15.2 1 0
github.com/dicedb/dicedb-go/internal/util/strconv.go:17.57,19.2 1 0
github.com/dicedb/dicedb-go/internal/util/type.go:3.27,5.2 1 0
github.com/dicedb/dicedb-go/internal/util/unsafe.go:10.37,12.2 1 0
github.com/dicedb/dicedb-go/internal/util/unsafe.go:15.37,22.2 1 0
github.com/dicedb/dicedb-go/internal/proto/reader.go:45.36,45.56 1 0
github.com/dicedb/dicedb-go/internal/proto/reader.go:47.33,47.34 0 0
github.com/dicedb/dicedb-go/internal/proto/reader.go:49.41,51.2 1 0
github.com/dicedb/dicedb-go/internal/proto/reader.go:59.38,63.2 1 1
github.com/dicedb/dicedb-go/internal/proto/reader.go:65.33,67.2 1 0
github.com/dicedb/dicedb-go/internal/proto/reader.go:69.46,71.2 1 0
github.com/dicedb/dicedb-go/internal/proto/reader.go:73.38,75.2 1 0
github.com/dicedb/dicedb-go/internal/proto/reader.go:79.48,81.16 2 0
github.com/dicedb/dicedb-go/internal/proto/reader.go:81.16,83.3 1 0
github.com/dicedb/dicedb-go/internal/proto/reader.go:84.2,84.22 1 0
github.com/dicedb/dicedb-go/internal/proto/reader.go:84.22,85.40 1 0
github.com/dicedb/dicedb-go/internal/proto/reader.go:85.40,87.4 1 0
github.com/dicedb/dicedb-go/internal/proto/reader.go:88.3,88.27 1 0
github.com/dicedb/dicedb-go/internal/proto/reader.go:90.2,90.18 1 0
github.com/dicedb/dicedb-go/internal/proto/reader.go:95.45,97.16 2 1
github.com/dicedb/dicedb-go/internal/proto/reader.go:97.16,99.3 1 0
github.com/dicedb/dicedb-go/internal/proto/reader.go:100.2,100.17 1 1
github.com/dicedb/dicedb-go/internal/proto/reader.go:101.17,102.36 1 0
github.com/dicedb/dicedb-go/internal/proto/reader.go:103.15,104.18 1 0
github.com/dicedb/dicedb-go/internal/proto/reader.go:105.21,108.17 3 0
github.com/dicedb/dicedb-go/internal/proto/reader.go:108.17,110.4 1 0
github.com/dicedb/dicedb-go/internal/proto/reader.go:111.3,111.18 1 0
github.com/dicedb/dicedb-go/internal/proto/reader.go:112.16,113.40 1 0
github.com/dicedb/dicedb-go/internal/proto/reader.go:113.40,115.4 1 0
github.com/dicedb/dicedb-go/internal/proto/reader.go:116.3,116.22 1 0
github.com/dicedb/dicedb-go/internal/proto/reader.go:120.2,120.22 1 1
github.com/dicedb/dicedb-go/internal/proto/reader.go:120.22,122.3 1 0
github.com/dicedb/dicedb-go/internal/proto/reader.go:124.2,124.18 1 1
github.com/dicedb/dicedb-go/internal/proto/reader.go:130.45,132.16 2 1
github.com/dicedb/dicedb-go/internal/proto/reader.go:132.16,133.33 1 1
github.com/dicedb/dicedb-go/internal/proto/reader.go:133.33,135.4 1 0
github.com/dicedb/dicedb-go/internal/proto/reader.go:137.3,141.17 4 1
github.com/dicedb/dicedb-go/internal/proto/reader.go:141.17,143.4 1 0
github.com/dicedb/dicedb-go/internal/proto/reader.go:145.3,146.11 2 1
github.com/dicedb/dicedb-go/internal/proto/reader.go:148.2,148.63 1 1
github.com/dicedb/dicedb-go/internal/proto/reader.go:148.63,150.3 1 0
github.com/dicedb/dicedb-go/internal/proto/reader.go:151.2,151.26 1 1
github.com/dicedb/dicedb-go/internal/proto/reader.go:154.51,156.16 2 0
github.com/dicedb/dicedb-go/internal/proto/reader.go:156.16,158.3 1 0
github.com/dicedb/dicedb-go/internal/proto/reader.go:160.2,160.17 1 0
github.com/dicedb/dicedb-go/internal/proto/reader.go:161.18,162.31 1 0
github.com/dicedb/dicedb-go/internal/proto/reader.go:163.15,164.41 1 0
github.com/dicedb/dicedb-go/internal/proto/reader.go:165.17,166.27 1 0
github.com/dicedb/dicedb-go/internal/proto/reader.go:167.16,168.26 1 0
github.com/dicedb/dicedb-go/internal/proto/reader.go:169.18,170.28 1 0
github.com/dicedb/dicedb-go/internal/proto/reader.go:172.18,173.33 1 0
github.com/dicedb/dicedb-go/internal/proto/reader.go:174.20,175.26 1 0
github.com/dicedb/dicedb-go/internal/proto/reader.go:177.36,178.27 1 0
github.com/dicedb/dicedb-go/internal/proto/reader.go:179.15,180.25 1 0
github.com/dicedb/dicedb-go/internal/proto/reader.go:182.2,182.59 1 0
github.com/dicedb/dicedb-go/internal/proto/reader.go:185.58,187.26 2 0
github.com/dicedb/dicedb-go/internal/proto/reader.go:188.13,189.26 1 0
github.com/dicedb/dicedb-go/internal/proto/reader.go:190.14,191.27 1 0
github.com/dicedb/dicedb-go/internal/proto/reader.go:192.21,193.25 1 0
github.com/dicedb/dicedb-go/internal/proto/reader.go:195.2,195.34 1 0
github.com/dicedb/dicedb-go/internal/proto/reader.go:198.54,199.26 1 0
github.com/dicedb/dicedb-go/internal/proto/reader.go:200.11,201.19 1 0
github.com/dicedb/dicedb-go/internal/proto/reader.go:202.11,203.20 1 0
github.com/dicedb/dicedb-go/internal/proto/reader.go:205.2,205.69 1 0
github.com/dicedb/dicedb-go/internal/proto/reader.go:208.60,210.52 2 0
github.com/dicedb/dicedb-go/internal/proto/reader.go:210.52,212.3 1 0
github.com/dicedb/dicedb-go/internal/proto/reader.go:213.2,213.69 1 0
github.com/dicedb/dicedb-go/internal/proto/reader.go:216.63,218.16 2 0
github.com/dicedb/dicedb-go/internal/proto/reader.go:218.16,220.3 1 0
github.com/dicedb/dicedb-go/internal/proto/reader.go:222.2,224.16 3 0
github.com/dicedb/dicedb-go/internal/proto/reader.go:224.16,226.3 1 0
github.com/dicedb/dicedb-go/internal/proto/reader.go:228.2,228.39 1 0
github.com/dicedb/dicedb-go/internal/proto/reader.go:231.56,233.16 2 0
github.com/dicedb/dicedb-go/internal/proto/reader.go:233.16,235.3 1 0
github.com/dicedb/dicedb-go/internal/proto/reader.go:236.2,236.31 1 0
github.com/dicedb/dicedb-go/internal/proto/reader.go:236.31,238.3 1 0
github.com/dicedb/dicedb-go/internal/proto/reader.go:239.2,239.19 1 0
github.com/dicedb/dicedb-go/internal/proto/reader.go:242.64,244.16 2 0
github.com/dicedb/dicedb-go/internal/proto/reader.go:244.16,246.3 1 0
github.com/dicedb/dicedb-go/internal/proto/reader.go:248.2,249.32 2 0
github.com/dicedb/dicedb-go/internal/proto/reader.go:249.32,251.17 2 0
github.com/dicedb/dicedb-go/internal/proto/reader.go:251.17,252.18 1 0
github.com/dicedb/dicedb-go/internal/proto/reader.go:252.18,254.13 2 0
github.com/dicedb/dicedb-go/internal/proto/reader.go:256.4,256.39 1 0
github.com/dicedb/dicedb-go/internal/proto/reader.go:256.39,258.13 2 0
github.com/dicedb/dicedb-go/internal/proto/reader.go:260.4,260.19 1 0
github.com/dicedb/dicedb-go/internal/proto/reader.go:262.3,262.13 1 0
github.com/dicedb/dicedb-go/internal/proto/reader.go:264.2,264.17 1 0
github.com/dicedb/dicedb-go/internal/proto/reader.go:267.76,269.16 2 0
github.com/dicedb/dicedb-go/internal/proto/reader.go:269.16,271.3 1 0
github.com/dicedb/dicedb-go/internal/proto/reader.go:272.2,273.25 2 0
github.com/dicedb/dicedb-go/internal/proto/reader.go:273.25,275.17 2 0
github.com/dicedb/dicedb-go/internal/proto/reader.go:275.17,277.4 1 0
github.com/dicedb/dicedb-go/internal/proto/reader.go:278.3,279.17 2 0
github.com/dicedb/dicedb-go/internal/proto/reader.go:279.17,280.18 1 0
github.com/dicedb/dicedb-go/internal/proto/reader.go:280.18,282.13 2 0
github.com/dicedb/dicedb-go/internal/proto/reader.go:284.4,284.39 1 0
github.com/dicedb/dicedb-go/internal/proto/reader.go:284.39,286.13 2 0
github.com/dicedb/dicedb-go/internal/proto/reader.go:288.4,288.19 1 0
github.com/dicedb/dicedb-go/internal/proto/reader.go:290.3,290.11 1 0
github.com/dicedb/dicedb-go/internal/proto/reader.go:292.2,292.15 1 0
github.com/dicedb/dicedb-go/internal/proto/reader.go:297.43,299.16 2 0
github.com/dicedb/dicedb-go/internal/proto/reader.go:299.16,301.3 1 0
github.com/dicedb/dicedb-go/internal/proto/reader.go:302.2,302.17 1 0
github.com/dicedb/dicedb-go/internal/proto/reader.go:303.27,304.41 1 0
github.com/dicedb/dicedb-go/internal/proto/reader.go:305.18,307.17 2 0
github.com/dicedb/dicedb-go/internal/proto/reader.go:307.17,309.4 1 0
github.com/dicedb/dicedb-go/internal/proto/reader.go:310.3,310.42 1 0
github.com/dicedb/dicedb-go/internal/proto/reader.go:311.18,313.17 2 0
github.com/dicedb/dicedb-go/internal/proto/reader.go:313.17,315.4 1 0
github.com/dicedb/dicedb-go/internal/proto/reader.go:316.3,316.19 1 0
github.com/dicedb/dicedb-go/internal/proto/reader.go:316.19,318.4 1 0
github.com/dicedb/dicedb-go/internal/proto/reader.go:319.3,319.24 1 0
github.com/dicedb/dicedb-go/internal/proto/reader.go:321.2,321.68 1 0
github.com/dicedb/dicedb-go/internal/proto/reader.go:324.45,326.16 2 0
github.com/dicedb/dicedb-go/internal/proto/reader.go:326.16,328.3 1 0
github.com/dicedb/dicedb-go/internal/proto/reader.go:329.2,329.17 1 0
github.com/dicedb/dicedb-go/internal/proto/reader.go:330.27,331.42 1 0
github.com/dicedb/dicedb-go/internal/proto/reader.go:332.18,334.17 2 0
github.com/dicedb/dicedb-go/internal/proto/reader.go:334.17,336.4 1 0
github.com/dicedb/dicedb-go/internal/proto/reader.go:337.3,337.43 1 0
github.com/dicedb/dicedb-go/internal/proto/reader.go:338.18,340.17 2 0
github.com/dicedb/dicedb-go/internal/proto/reader.go:340.17,342.4 1 0
github.com/dicedb/dicedb-go/internal/proto/reader.go:343.3,343.20 1 0
github.com/dicedb/dicedb-go/internal/proto/reader.go:343.20,345.4 1 0
github.com/dicedb/dicedb-go/internal/proto/reader.go:346.3,346.25 1 0
github.com/dicedb/dicedb-go/internal/proto/reader.go:348.2,348.69 1 0
github.com/dicedb/dicedb-go/internal/proto/reader.go:351.47,353.16 2 0
github.com/dicedb/dicedb-go/internal/proto/reader.go:353.16,355.3 1 0
github.com/dicedb/dicedb-go/internal/proto/reader.go:356.2,356.17 1 0
github.com/dicedb/dicedb-go/internal/proto/reader.go:357.17,358.27 1 0
github.com/dicedb/dicedb-go/internal/proto/reader.go:359.18,360.50 1 0
github.com/dicedb/dicedb-go/internal/proto/reader.go:361.18,363.17 2 0
github.com/dicedb/dicedb-go/internal/proto/reader.go:363.17,365.4 1 0
github.com/dicedb/dicedb-go/internal/proto/reader.go:366.3,366.35 1 0
github.com/dicedb/dicedb-go/internal/proto/reader.go:368.2,368.70 1 0
github.com/dicedb/dicedb-go/internal/proto/reader.go:371.47,373.16 2 0
github.com/dicedb/dicedb-go/internal/proto/reader.go:373.16,375.3 1 0
github.com/dicedb/dicedb-go/internal/proto/reader.go:377.2,377.17 1 0
github.com/dicedb/dicedb-go/internal/proto/reader.go:378.38,379.31 1 0
github.com/dicedb/dicedb-go/internal/proto/reader.go:380.18,381.33 1 0
github.com/dicedb/dicedb-go/internal/proto/reader.go:382.16,384.36 2 0
github.com/dicedb/dicedb-go/internal/proto/reader.go:385.20,386.26 1 0
github.com/dicedb/dicedb-go/internal/proto/reader.go:387.18,389.17 2 0
github.com/dicedb/dicedb-go/internal/proto/reader.go:389.17,391.4 1 0
github.com/dicedb/dicedb-go/internal/proto/reader.go:392.3,392.25 1 0
github.com/dicedb/dicedb-go/internal/proto/reader.go:394.2,394.79 1 0
github.com/dicedb/dicedb-go/internal/proto/reader.go:397.43,399.16 2 0
github.com/dicedb/dicedb-go/internal/proto/reader.go:399.16,401.3 1 0
github.com/dicedb/dicedb-go/internal/proto/reader.go:402.2,402.50 1 0
github.com/dicedb/dicedb-go/internal/proto/reader.go:405.53,407.16 2 0
github.com/dicedb/dicedb-go/internal/proto/reader.go:407.16,409.3 1 0
github.com/dicedb/dicedb-go/internal/proto/reader.go:410.2,410.26 1 0
github.com/dicedb/dicedb-go/internal/proto/reader.go:414.56,416.16 2 0
github.com/dicedb/dicedb-go/internal/proto/reader.go:416.16,418.3 1 0
github.com/dicedb/dicedb-go/internal/proto/reader.go:419.2,419.19 1 0
github.com/dicedb/dicedb-go/internal/proto/reader.go:419.19,421.3 1 0
github.com/dicedb/dicedb-go/internal/proto/reader.go:422.2,422.12 1 0
github.com/dicedb/dicedb-go/internal/proto/reader.go:426.46,428.16 2 0
github.com/dicedb/dicedb-go/internal/proto/reader.go:428.16,430.3 1 0
github.com/dicedb/dicedb-go/internal/proto/reader.go:431.2,431.17 1 0
github.com/dicedb/dicedb-go/internal/proto/reader.go:432.36,433.24 1 0
github.com/dicedb/dicedb-go/internal/proto/reader.go:434.10,435.80 1 0
github.com/dicedb/dicedb-go/internal/proto/reader.go:440.54,442.16 2 0
github.com/dicedb/dicedb-go/internal/proto/reader.go:442.16,444.3 1 0
github.com/dicedb/dicedb-go/internal/proto/reader.go:445.2,445.19 1 0
github.com/dicedb/dicedb-go/internal/proto/reader.go:445.19,447.3 1 0
github.com/dicedb/dicedb-go/internal/proto/reader.go:448.2,448.12 1 0
github.com/dicedb/dicedb-go/internal/proto/reader.go:455.44,457.16 2 0
github.com/dicedb/dicedb-go/internal/proto/reader.go:457.16,459.3 1 0
github.com/dicedb/dicedb-go/internal/proto/reader.go:460.2,460.17 1 0
github.com/dicedb/dicedb-go/internal/proto/reader.go:461.15,462.24 1 0
github.com/dicedb/dicedb-go/internal/proto/reader.go:463.36,466.17 2 0
github.com/dicedb/dicedb-go/internal/proto/reader.go:466.17,468.4 1 0
github.com/dicedb/dicedb-go/internal/proto/reader.go:469.3,469.15 1 0
github.com/dicedb/dicedb-go/internal/proto/reader.go:469.15,471.4 1 0
github.com/dicedb/dicedb-go/internal/proto/reader.go:472.3,472.20 1 0
github.com/dicedb/dicedb-go/internal/proto/reader.go:473.10,474.69 1 0
github.com/dicedb/dicedb-go/internal/proto/reader.go:479.38,481.16 2 0
github.com/dicedb/dicedb-go/internal/proto/reader.go:481.16,483.3 1 0
github.com/dicedb/dicedb-go/internal/proto/reader.go:484.2,484.24 1 0
github.com/dicedb/dicedb-go/internal/proto/reader.go:488.51,489.20 1 0
github.com/dicedb/dicedb-go/internal/proto/reader.go:489.20,491.3 1 0
github.com/dicedb/dicedb-go/internal/proto/reader.go:492.2,492.17 1 0
github.com/dicedb/dicedb-go/internal/proto/reader.go:493.80,494.13 1 0
github.com/dicedb/dicedb-go/internal/proto/reader.go:497.2,498.30 2 0
github.com/dicedb/dicedb-go/internal/proto/reader.go:498.30,500.3 1 0
github.com/dicedb/dicedb-go/internal/proto/reader.go:502.2,502.17 1 0
github.com/dicedb/dicedb-go/internal/proto/reader.go:503.47,506.13 2 0
github.com/dicedb/dicedb-go/internal/proto/reader.go:507.36,508.26 1 0
github.com/dicedb/dicedb-go/internal/proto/reader.go:508.26,509.41 1 0
github.com/dicedb/dicedb-go/internal/proto/reader.go:509.41,511.5 1 0
github.com/dicedb/dicedb-go/internal/proto/reader.go:513.3,513.13 1 0
github.com/dicedb/dicedb-go/internal/proto/reader.go:514.25,516.28 1 0
github.com/dicedb/dicedb-go/internal/proto/reader.go:516.28,517.41 1 0
github.com/dicedb/dicedb-go/internal/proto/reader.go:517.41,519.5 1 0
github.com/dicedb/dicedb-go/internal/proto/reader.go:521.3,521.13 1 0
github.com/dicedb/dicedb-go/internal/proto/reader.go:524.2,524.54 1 0
github.com/dicedb/dicedb-go/internal/proto/reader.go:527.47,529.16 2 0
github.com/dicedb/dicedb-go/internal/proto/reader.go:529.16,531.3 1 0
github.com/dicedb/dicedb-go/internal/proto/reader.go:533.2,533.12 1 0
github.com/dicedb/dicedb-go/internal/proto/reader.go:533.12,535.3 1 0
github.com/dicedb/dicedb-go/internal/proto/reader.go:537.2,537.17 1 0
github.com/dicedb/dicedb-go/internal/proto/reader.go:539.51,540.14 1 0
github.com/dicedb/dicedb-go/internal/proto/reader.go:540.14,542.4 1 0
github.com/dicedb/dicedb-go/internal/proto/reader.go:544.2,544.15 1 0
github.com/dicedb/dicedb-go/internal/proto/reader.go:548.35,552.2 1 1
github.com/dicedb/dicedb-go/internal/proto/renderer.go:197.111,199.19 2 0
github.com/dicedb/dicedb-go/internal/proto/renderer.go:199.19,201.3 1 0
github.com/dicedb/dicedb-go/internal/proto/renderer.go:204.2,204.15 1 0
github.com/dicedb/dicedb-go/internal/proto/renderer.go:204.15,206.3 1 0
github.com/dicedb/dicedb-go/internal/proto/renderer.go:208.2,208.24 1 0
github.com/dicedb/dicedb-go/internal/proto/renderer.go:212.97,216.61 2 0
github.com/dicedb/dicedb-go/internal/proto/renderer.go:216.61,218.3 1 0
github.com/dicedb/dicedb-go/internal/proto/renderer.go:219.2,219.52 1 0
github.com/dicedb/dicedb-go/internal/proto/renderer.go:219.52,221.3 1 0
github.com/dicedb/dicedb-go/internal/proto/renderer.go:222.2,222.59 1 0
github.com/dicedb/dicedb-go/internal/proto/renderer.go:222.59,224.3 1 0
github.com/dicedb/dicedb-go/internal/proto/renderer.go:225.2,225.53 1 0
github.com/dicedb/dicedb-go/internal/proto/renderer.go:225.53,227.3 1 0
github.com/dicedb/dicedb-go/internal/proto/renderer.go:228.2,228.56 1 0
github.com/dicedb/dicedb-go/internal/proto/renderer.go:228.56,230.3 1 0
github.com/dicedb/dicedb-go/internal/proto/renderer.go:231.2,231.60 1 0
github.com/dicedb/dicedb-go/internal/proto/renderer.go:231.60,233.3 1 0
github.com/dicedb/dicedb-go/internal/proto/renderer.go:234.2,234.57 1 0
github.com/dicedb/dicedb-go/internal/proto/renderer.go:234.57,236.3 1 0
github.com/dicedb/dicedb-go/internal/proto/renderer.go:237.2,237.61 1 0
github.com/dicedb/dicedb-go/internal/proto/renderer.go:237.61,239.3 1 0
github.com/dicedb/dicedb-go/internal/proto/renderer.go:240.2,240.55 1 0
github.com/dicedb/dicedb-go/internal/proto/renderer.go:240.55,241.67 1 0
github.com/dicedb/dicedb-go/internal/proto/renderer.go:241.67,242.26 1 0
github.com/dicedb/dicedb-go/internal/proto/renderer.go:242.26,244.5 1 0
github.com/dicedb/dicedb-go/internal/proto/renderer.go:248.3,248.20 1 0
github.com/dicedb/dicedb-go/internal/proto/renderer.go:251.2,251.12 1 0
github.com/dicedb/dicedb-go/internal/proto/renderer.go:254.42,255.27 1 0
github.com/dicedb/dicedb-go/internal/proto/renderer.go:256.14,257.11 1 0
github.com/dicedb/dicedb-go/internal/proto/renderer.go:258.13,259.19 1 0
github.com/dicedb/dicedb-go/internal/proto/renderer.go:260.10,261.30 1 0
github.com/dicedb/dicedb-go/internal/proto/renderer.go:265.40,269.2 2 0
github.com/dicedb/dicedb-go/internal/proto/renderer.go:272.54,273.18 1 0
github.com/dicedb/dicedb-go/internal/proto/renderer.go:273.18,275.3 1 0
github.com/dicedb/dicedb-go/internal/proto/renderer.go:277.2,278.8 2 0
github.com/dicedb/dicedb-go/internal/proto/renderer.go:278.8,280.3 1 0
github.com/dicedb/dicedb-go/internal/proto/renderer.go:282.2,282.37 1 0
github.com/dicedb/dicedb-go/internal/proto/renderer.go:285.47,286.18 1 0
github.com/dicedb/dicedb-go/internal/proto/renderer.go:286.18,288.3 1 0
github.com/dicedb/dicedb-go/internal/proto/renderer.go:290.2,290.39 1 0
github.com/dicedb/dicedb-go/internal/proto/renderer.go:290.39,292.3 1 0
github.com/dicedb/dicedb-go/internal/proto/renderer.go:294.2,294.22 1 0
github.com/dicedb/dicedb-go/internal/proto/renderer.go:297.48,299.9 2 0
github.com/dicedb/dicedb-go/internal/proto/renderer.go:299.9,301.3 1 0
github.com/dicedb/dicedb-go/internal/proto/renderer.go:303.2,304.29 2 0
github.com/dicedb/dicedb-go/internal/proto/renderer.go:304.29,305.18 1 0
github.com/dicedb/dicedb-go/internal/proto/renderer.go:305.18,307.12 2 0
github.com/dicedb/dicedb-go/internal/proto/renderer.go:310.3,312.78 2 0
github.com/dicedb/dicedb-go/internal/proto/renderer.go:312.78,314.4 1 0
github.com/dicedb/dicedb-go/internal/proto/renderer.go:316.3,316.61 1 0
github.com/dicedb/dicedb-go/internal/proto/renderer.go:318.2,318.25 1 0
github.com/dicedb/dicedb-go/internal/proto/renderer.go:321.56,322.44 1 0
github.com/dicedb/dicedb-go/internal/proto/renderer.go:322.44,324.3 1 0
github.com/dicedb/dicedb-go/internal/proto/renderer.go:326.2,326.32 1 0
github.com/dicedb/dicedb-go/internal/proto/renderer.go:329.55,330.37 1 0
github.com/dicedb/dicedb-go/internal/proto/renderer.go:330.37,332.3 1 0
github.com/dicedb/dicedb-go/internal/proto/renderer.go:334.2,334.32 1 0
github.com/dicedb/dicedb-go/internal/proto/renderer.go:337.56,338.18 1 0
github.com/dicedb/dicedb-go/internal/proto/renderer.go:338.18,340.3 1 0
github.com/dicedb/dicedb-go/internal/proto/renderer.go:342.2,343.13 2 0
github.com/dicedb/dicedb-go/internal/proto/renderer.go:346.53,348.21 2 0
github.com/dicedb/dicedb-go/internal/proto/renderer.go:348.21,350.3 1 0
github.com/dicedb/dicedb-go/internal/proto/renderer.go:351.2,351.30 1 0
github.com/dicedb/dicedb-go/internal/proto/renderer.go:351.30,353.3 1 0
github.com/dicedb/dicedb-go/internal/proto/renderer.go:355.2,357.37 3 0
github.com/dicedb/dicedb-go/internal/proto/renderer.go:357.37,366.36 6 0
github.com/dicedb/dicedb-go/internal/proto/renderer.go:366.36,368.4 1 0
github.com/dicedb/dicedb-go/internal/proto/renderer.go:369.3,370.39 2 0
github.com/dicedb/dicedb-go/internal/proto/renderer.go:372.2,372.25 1 0
github.com/dicedb/dicedb-go/internal/proto/renderer.go:375.51,377.9 2 0
github.com/dicedb/dicedb-go/internal/proto/renderer.go:377.9,379.3 1 0
github.com/dicedb/dicedb-go/internal/proto/renderer.go:381.2,383.29 3 0
github.com/dicedb/dicedb-go/internal/proto/renderer.go:383.29,388.3 4 0
github.com/dicedb/dicedb-go/internal/proto/renderer.go:390.2,390.25 1 0
github.com/dicedb/dicedb-go/internal/proto/scan.go:16.42,17.23 1 4
github.com/dicedb/dicedb-go/internal/proto/scan.go:18.11,19.40 1 0
github.com/dicedb/dicedb-go/internal/proto/scan.go:20.15,22.13 2 0
github.com/dicedb/dicedb-go/internal/proto/scan.go:23.15,25.13 2 0
github.com/dicedb/dicedb-go/internal/proto/scan.go:26.12,29.13 3 0
github.com/dicedb/dicedb-go/internal/proto/scan.go:30.13,32.17 2 0
github.com/dicedb/dicedb-go/internal/proto/scan.go:32.17,34.4 1 0
github.com/dicedb/dicedb-go/internal/proto/scan.go:35.3,36.13 2 0
github.com/dicedb/dicedb-go/internal/proto/scan.go:37.14,39.17 2 0
github.com/dicedb/dicedb-go/internal/proto/scan.go:39.17,41.4 1 0
github.com/dicedb/dicedb-go/internal/proto/scan.go:42.3,43.13 2 0
github.com/dicedb/dicedb-go/internal/proto/scan.go:44.14,46.17 2 0
github.com/dicedb/dicedb-go/internal/proto/scan.go:46.17,48.4 1 0
github.com/dicedb/dicedb-go/internal/proto/scan.go:49.3,50.13 2 0
github.com/dicedb/dicedb-go/internal/proto/scan.go:51.14,53.17 2 0
github.com/dicedb/dicedb-go/internal/proto/scan.go:53.17,55.4 1 0
github.com/dicedb/dicedb-go/internal/proto/scan.go:56.3,57.13 2 0
github.com/dicedb/dicedb-go/internal/proto/scan.go:58.13,60.17 2 0
github.com/dicedb/dicedb-go/internal/proto/scan.go:60.17,62.4 1 0
github.com/dicedb/dicedb-go/internal/proto/scan.go:63.3,64.13 2 0
github.com/dicedb/dicedb-go/internal/proto/scan.go:65.14,67.17 2 0
github.com/dicedb/dicedb-go/internal/proto/scan.go:67.17,69.4 1 0
github.com/dicedb/dicedb-go/internal/proto/scan.go:70.3,71.13 2 0
github.com/dicedb/dicedb-go/internal/proto/scan.go:72.15,74.17 2 0
github.com/dicedb/dicedb-go/internal/proto/scan.go:74.17,76.4 1 0
github.com/dicedb/dicedb-go/internal/proto/scan.go:77.3,78.13 2 0
github.com/dicedb/dicedb-go/internal/proto/scan.go:79.15,81.17 2 0
github.com/dicedb/dicedb-go/internal/proto/scan.go:81.17,83.4 1 0
github.com/dicedb/dicedb-go/internal/proto/scan.go:84.3,85.13 2 0
github.com/dicedb/dicedb-go/internal/proto/scan.go:86.15,88.17 2 0
github.com/dicedb/dicedb-go/internal/proto/scan.go:88.17,90.4 1 0
github.com/dicedb/dicedb-go/internal/proto/scan.go:91.3,92.13 2 0
github.com/dicedb/dicedb-go/internal/proto/scan.go:93.16,95.17 2 0
github.com/dicedb/dicedb-go/internal/proto/scan.go:95.17,97.4 1 0
github.com/dicedb/dicedb-go/internal/proto/scan.go:98.3,99.13 2 0
github.com/dicedb/dicedb-go/internal/proto/scan.go:100.16,103.13 3 0
github.com/dicedb/dicedb-go/internal/proto/scan.go:104.13,106.13 2 0
github.com/dicedb/dicedb-go/internal/proto/scan.go:107.18,110.13 3 0
github.com/dicedb/dicedb-go/internal/proto/scan.go:111.22,113.17 2 0
github.com/dicedb/dicedb-go/internal/proto/scan.go:113.17,115.4 1 0
github.com/dicedb/dicedb-go/internal/proto/scan.go:116.3,117.13 2 0
github.com/dicedb/dicedb-go/internal/proto/scan.go:118.34,119.30 1 4
github.com/dicedb/dicedb-go/internal/proto/scan.go:120.15,122.13 2 0
github.com/dicedb/dicedb-go/internal/proto/scan.go:123.10,125.77 1 0
github.com/dicedb/dicedb-go/internal/proto/scan.go:129.56,131.18 2 2
github.com/dicedb/dicedb-go/internal/proto/scan.go:131.18,133.3 1 0
github.com/dicedb/dicedb-go/internal/proto/scan.go:134.2,134.29 1 2
github.com/dicedb/dicedb-go/internal/proto/scan.go:134.29,136.3 1 0
github.com/dicedb/dicedb-go/internal/proto/scan.go:137.2,138.31 2 2
github.com/dicedb/dicedb-go/internal/proto/scan.go:138.31,140.3 1 0
github.com/dicedb/dicedb-go/internal/proto/scan.go:142.2,143.25 2 2
github.com/dicedb/dicedb-go/internal/proto/scan.go:143.25,145.66 2 4
github.com/dicedb/dicedb-go/internal/proto/scan.go:145.66,148.4 2 0
github.com/dicedb/dicedb-go/internal/proto/scan.go:151.2,151.12 1 2
github.com/dicedb/dicedb-go/internal/proto/scan.go:154.66,157.36 2 2
github.com/dicedb/dicedb-go/internal/proto/scan.go:157.36,159.31 2 1
github.com/dicedb/dicedb-go/internal/proto/scan.go:159.31,160.25 1 2
github.com/dicedb/dicedb-go/internal/proto/scan.go:160.25,163.21 3 0
github.com/dicedb/dicedb-go/internal/proto/scan.go:163.21,165.6 1 0
github.com/dicedb/dicedb-go/internal/proto/scan.go:166.5,166.23 1 0
github.com/dicedb/dicedb-go/internal/proto/scan.go:169.4,171.22 3 2
github.com/dicedb/dicedb-go/internal/proto/scan.go:175.2,176.30 2 1
github.com/dicedb/dicedb-go/internal/proto/scan.go:176.30,177.24 1 2
github.com/dicedb/dicedb-go/internal/proto/scan.go:177.24,180.4 2 0
github.com/dicedb/dicedb-go/internal/proto/scan.go:182.3,183.30 2 2
github.com/dicedb/dicedb-go/internal/proto/writer.go:28.35,35.2 1 33
github.com/dicedb/dicedb-go/internal/proto/writer.go:37.54,38.47 1 4
github.com/dicedb/dicedb-go/internal/proto/writer.go:38.47,40.3 1 0
github.com/dicedb/dicedb-go/internal/proto/writer.go:42.2,42.46 1 4
github.com/dicedb/dicedb-go/internal/proto/writer.go:42.46,44.3 1 0
github.com/dicedb/dicedb-go/internal/proto/writer.go:46.2,46.27 1 4
github.com/dicedb/dicedb-go/internal/proto/writer.go:46.27,47.41 1 9
github.com/dicedb/dicedb-go/internal/proto/writer.go:47.41,49.4 1 0
github.com/dicedb/dicedb-go/internal/proto/writer.go:52.2,52.12 1 4
github.com/dicedb/dicedb-go/internal/proto/writer.go:55.40,60.2 4 42
github.com/dicedb/dicedb-go/internal/proto/writer.go:62.48,63.23 1 38
github.com/dicedb/dicedb-go/internal/proto/writer.go:64.11,65.22 1 1
github.com/dicedb/dicedb-go/internal/proto/writer.go:66.14,67.21 1 2
github.com/dicedb/dicedb-go/internal/proto/writer.go:68.15,69.22 1 0
github.com/dicedb/dicedb-go/internal/proto/writer.go:70.14,71.20 1 1
github.com/dicedb/dicedb-go/internal/proto/writer.go:72.11,73.25 1 2
github.com/dicedb/dicedb-go/internal/proto/writer.go:74.12,75.26 1 1
github.com/dicedb/dicedb-go/internal/proto/writer.go:76.12,77.25 1 1
github.com/dicedb/dicedb-go/internal/proto/writer.go:78.13,79.26 1 1
github.com/dicedb/dicedb-go/internal/proto/writer.go:80.13,81.25 1 1
github.com/dicedb/dicedb-go/internal/proto/writer.go:82.14,83.26 1 1
github.com/dicedb/dicedb-go/internal/proto/writer.go:84.13,85.25 1 1
github.com/dicedb/dicedb-go/internal/proto/writer.go:86.14,87.26 1 1
github.com/dicedb/dicedb-go/internal/proto/writer.go:88.13,89.18 1 1
github.com/dicedb/dicedb-go/internal/proto/writer.go:90.14,91.19 1 1
github.com/dicedb/dicedb-go/internal/proto/writer.go:92.12,93.27 1 1
github.com/dicedb/dicedb-go/internal/proto/writer.go:94.13,95.28 1 1
github.com/dicedb/dicedb-go/internal/proto/writer.go:96.13,97.27 1 1
github.com/dicedb/dicedb-go/internal/proto/writer.go:98.14,99.28 1 1
github.com/dicedb/dicedb-go/internal/proto/writer.go:100.14,101.27 1 1
github.com/dicedb/dicedb-go/internal/proto/writer.go:102.15,103.28 1 1
github.com/dicedb/dicedb-go/internal/proto/writer.go:104.14,105.27 1 1
github.com/dicedb/dicedb-go/internal/proto/writer.go:106.15,107.28 1 1
github.com/dicedb/dicedb-go/internal/proto/writer.go:108.14,109.19 1 1
github.com/dicedb/dicedb-go/internal/proto/writer.go:110.15,111.20 1 1
github.com/dicedb/dicedb-go/internal/proto/writer.go:112.15,113.29 1 1
github.com/dicedb/dicedb-go/internal/proto/writer.go:114.16,115.30 1 1
github.com/dicedb/dicedb-go/internal/proto/writer.go:116.15,117.20 1 2
github.com/dicedb/dicedb-go/internal/proto/writer.go:118.16,119.21 1 1
github.com/dicedb/dicedb-go/internal/proto/writer.go:120.12,121.8 1 3
github.com/dicedb/dicedb-go/internal/proto/writer.go:121.8,123.4 1 2
github.com/dicedb/dicedb-go/internal/proto/writer.go:124.3,124.18 1 1
github.com/dicedb/dicedb-go/internal/proto/writer.go:125.13,126.9 1 2
github.com/dicedb/dicedb-go/internal/proto/writer.go:126.9,128.4 1 1
github.com/dicedb/dicedb-go/internal/proto/writer.go:129.3,129.18 1 1
github.com/dicedb/dicedb-go/internal/proto/writer.go:130.17,132.27 2 1
github.com/dicedb/dicedb-go/internal/proto/writer.go:133.21,134.32 1 0
github.com/dicedb/dicedb-go/internal/proto/writer.go:135.32,137.17 2 1
github.com/dicedb/dicedb-go/internal/proto/writer.go:137.17,139.4 1 0
github.com/dicedb/dicedb-go/internal/proto/writer.go:140.3,140.20 1 1
github.com/dicedb/dicedb-go/internal/proto/writer.go:141.14,142.20 1 1
github.com/dicedb/dicedb-go/internal/proto/writer.go:143.10,145.70 1 0
github.com/dicedb/dicedb-go/internal/proto/writer.go:149.40,150.48 1 38
github.com/dicedb/dicedb-go/internal/proto/writer.go:150.48,152.3 1 0
github.com/dicedb/dicedb-go/internal/proto/writer.go:154.2,154.43 1 38
github.com/dicedb/dicedb-go/internal/proto/writer.go:154.43,156.3 1 0
github.com/dicedb/dicedb-go/internal/proto/writer.go:158.2,158.38 1 38
github.com/dicedb/dicedb-go/internal/proto/writer.go:158.38,160.3 1 0
github.com/dicedb/dicedb-go/internal/proto/writer.go:162.2,162.17 1 38
github.com/dicedb/dicedb-go/internal/proto/writer.go:165.41,167.2 1 3
github.com/dicedb/dicedb-go/internal/proto/writer.go:169.39,172.2 2 10
github.com/dicedb/dicedb-go/internal/proto/writer.go:174.37,177.2 2 16
github.com/dicedb/dicedb-go/internal/proto/writer.go:179.41,182.2 2 5
github.com/dicedb/dicedb-go/internal/proto/writer.go:184.31,185.42 1 38
github.com/dicedb/dicedb-go/internal/proto/writer.go:185.42,187.3 1 0
github.com/dicedb/dicedb-go/internal/proto/writer.go:188.2,188.26 1 38
github.com/dicedb/dicedb-go/internal/util/strconv.go:5.34,7.2 1 0
github.com/dicedb/dicedb-go/internal/util/strconv.go:9.63,11.2 1 0
github.com/dicedb/dicedb-go/internal/util/strconv.go:13.65,15.2 1 0
github.com/dicedb/dicedb-go/internal/util/strconv.go:17.57,19.2 1 0
github.com/dicedb/dicedb-go/internal/util/type.go:3.27,5.2 1 14
github.com/dicedb/dicedb-go/internal/util/unsafe.go:10.37,12.2 1 0
github.com/dicedb/dicedb-go/internal/util/unsafe.go:15.37,22.2 1 3
github.com/dicedb/dicedb-go/internal/rand/rand.go:9.16,9.39 1 0
github.com/dicedb/dicedb-go/internal/rand/rand.go:13.22,13.47 1 0
github.com/dicedb/dicedb-go/internal/rand/rand.go:17.28,17.55 1 0
github.com/dicedb/dicedb-go/internal/rand/rand.go:20.24,20.49 1 0
github.com/dicedb/dicedb-go/internal/rand/rand.go:25.20,25.38 1 0
github.com/dicedb/dicedb-go/internal/rand/rand.go:34.32,39.2 4 0
github.com/dicedb/dicedb-go/internal/rand/rand.go:41.35,45.2 3 0
github.com/dicedb/dicedb-go/internal/rand/rand.go:50.42,50.69 1 0
github.com/dicedb/dicedb-go/internal/util/strconv.go:5.34,7.2 1 11
github.com/dicedb/dicedb-go/internal/util/strconv.go:9.63,11.2 1 1
github.com/dicedb/dicedb-go/internal/util/strconv.go:13.65,15.2 1 0
github.com/dicedb/dicedb-go/internal/util/strconv.go:17.57,19.2 1 0
github.com/dicedb/dicedb-go/internal/util/type.go:3.27,5.2 1 0
github.com/dicedb/dicedb-go/internal/util/unsafe.go:10.37,12.2 1 21
github.com/dicedb/dicedb-go/internal/util/unsafe.go:15.37,22.2 1 15
github.com/dicedb/dicedb-go/internal/hashtag/hashtag.go:50.29,51.46 1 15
github.com/dicedb/dicedb-go/internal/hashtag/hashtag.go:51.46,52.52 1 10
github.com/dicedb/dicedb-go/internal/hashtag/hashtag.go:52.52,54.4 1 6
github.com/dicedb/dicedb-go/internal/hashtag/hashtag.go:56.2,56.12 1 9
github.com/dicedb/dicedb-go/internal/hashtag/hashtag.go:59.23,61.2 1 2
github.com/dicedb/dicedb-go/internal/hashtag/hashtag.go:65.27,66.15 1 17
github.com/dicedb/dicedb-go/internal/hashtag/hashtag.go:66.15,68.3 1 2
github.com/dicedb/dicedb-go/internal/hashtag/hashtag.go:69.2,70.40 2 15
github.com/dicedb/dicedb-go/internal/hashtag/hashtag.go:73.40,74.32 1 17
github.com/dicedb/dicedb-go/internal/hashtag/hashtag.go:74.32,76.3 1 104
github.com/dicedb/dicedb-go/internal/hashtag/hashtag.go:77.2,77.8 1 17
github.com/dicedb/dicedb-go/internal/rand/rand.go:9.16,9.39 1 0
github.com/dicedb/dicedb-go/internal/rand/rand.go:13.22,13.47 1 2
github.com/dicedb/dicedb-go/internal/rand/rand.go:17.28,17.55 1 0
github.com/dicedb/dicedb-go/internal/rand/rand.go:20.24,20.49 1 0
github.com/dicedb/dicedb-go/internal/rand/rand.go:25.20,25.38 1 1
github.com/dicedb/dicedb-go/internal/rand/rand.go:34.32,39.2 4 2
github.com/dicedb/dicedb-go/internal/rand/rand.go:41.35,45.2 3 1
github.com/dicedb/dicedb-go/internal/rand/rand.go:50.42,50.69 1 0
github.com/dicedb/dicedb-go/internal/pool/conn.go:28.38,38.2 6 21888
github.com/dicedb/dicedb-go/internal/pool/conn.go:40.36,43.2 2 10000
github.com/dicedb/dicedb-go/internal/pool/conn.go:45.41,47.2 1 22230
github.com/dicedb/dicedb-go/internal/pool/conn.go:49.46,53.2 3 0
github.com/dicedb/dicedb-go/internal/pool/conn.go:55.46,57.2 1 0
github.com/dicedb/dicedb-go/internal/pool/conn.go:59.39,60.23 1 0
github.com/dicedb/dicedb-go/internal/pool/conn.go:60.23,62.3 1 0
github.com/dicedb/dicedb-go/internal/pool/conn.go:63.2,63.12 1 0
github.com/dicedb/dicedb-go/internal/pool/conn.go:68.9,69.18 1 0
github.com/dicedb/dicedb-go/internal/pool/conn.go:69.18,70.79 1 0
github.com/dicedb/dicedb-go/internal/pool/conn.go:70.79,72.4 1 0
github.com/dicedb/dicedb-go/internal/pool/conn.go:74.2,74.18 1 0
github.com/dicedb/dicedb-go/internal/pool/conn.go:79.9,80.18 1 0
github.com/dicedb/dicedb-go/internal/pool/conn.go:80.18,81.80 1 0
github.com/dicedb/dicedb-go/internal/pool/conn.go:81.80,83.4 1 0
github.com/dicedb/dicedb-go/internal/pool/conn.go:86.2,86.26 1 0
github.com/dicedb/dicedb-go/internal/pool/conn.go:86.26,88.3 1 0
github.com/dicedb/dicedb-go/internal/pool/conn.go:90.2,90.34 1 0
github.com/dicedb/dicedb-go/internal/pool/conn.go:90.34,92.3 1 0
github.com/dicedb/dicedb-go/internal/pool/conn.go:94.2,94.22 1 0
github.com/dicedb/dicedb-go/internal/pool/conn.go:97.31,99.2 1 20888
github.com/dicedb/dicedb-go/internal/pool/conn.go:101.80,105.17 3 0
github.com/dicedb/dicedb-go/internal/pool/conn.go:105.17,107.3 1 0
github.com/dicedb/dicedb-go/internal/pool/conn.go:109.2,109.16 1 0
github.com/dicedb/dicedb-go/internal/pool/conn.go:109.16,111.9 2 0
github.com/dicedb/dicedb-go/internal/pool/conn.go:111.9,112.20 1 0
github.com/dicedb/dicedb-go/internal/pool/conn.go:112.20,114.5 1 0
github.com/dicedb/dicedb-go/internal/pool/conn.go:115.4,115.27 1 0
github.com/dicedb/dicedb-go/internal/pool/conn.go:115.27,117.5 1 0
github.com/dicedb/dicedb-go/internal/pool/conn.go:118.4,118.13 1 0
github.com/dicedb/dicedb-go/internal/pool/conn.go:122.2,122.17 1 0
github.com/dicedb/dicedb-go/internal/pool/conn.go:122.17,124.3 1 0
github.com/dicedb/dicedb-go/internal/pool/conn.go:126.2,126.19 1 0
github.com/dicedb/dicedb-go/internal/pool/conn_check.go:15.37,20.9 3 477
github.com/dicedb/dicedb-go/internal/pool/conn_check.go:20.9,22.3 1 0
github.com/dicedb/dicedb-go/internal/pool/conn_check.go:23.2,24.16 2 477
github.com/dicedb/dicedb-go/internal/pool/conn_check.go:24.16,26.3 1 131
github.com/dicedb/dicedb-go/internal/pool/conn_check.go:28.2,30.47 2 346
github.com/dicedb/dicedb-go/internal/pool/conn_check.go:30.47,33.10 3 2
github.com/dicedb/dicedb-go/internal/pool/conn_check.go:34.29,35.19 1 0
github.com/dicedb/dicedb-go/internal/pool/conn_check.go:36.14,37.30 1 0
github.com/dicedb/dicedb-go/internal/pool/conn_check.go:38.60,39.16 1 2
github.com/dicedb/dicedb-go/internal/pool/conn_check.go:40.11,41.16 1 0
github.com/dicedb/dicedb-go/internal/pool/conn_check.go:43.3,43.14 1 2
github.com/dicedb/dicedb-go/internal/pool/conn_check.go:44.17,46.3 1 2
github.com/dicedb/dicedb-go/internal/pool/conn_check.go:48.2,48.15 1 344
github.com/dicedb/dicedb-go/internal/pool/pool.go:27.26,31.3 3 404
github.com/dicedb/dicedb-go/internal/pool/pool.go:99.42,113.2 5 17
github.com/dicedb/dicedb-go/internal/pool/pool.go:115.40,116.29 1 30824
github.com/dicedb/dicedb-go/internal/pool/pool.go:116.29,118.3 1 30004
github.com/dicedb/dicedb-go/internal/pool/pool.go:119.2,119.73 1 820
github.com/dicedb/dicedb-go/internal/pool/pool.go:119.73,120.10 1 735
github.com/dicedb/dicedb-go/internal/pool/pool.go:121.30,125.14 3 615
github.com/dicedb/dicedb-go/internal/pool/pool.go:125.14,127.39 2 615
github.com/dicedb/dicedb-go/internal/pool/pool.go:127.39,132.6 4 0
github.com/dicedb/dicedb-go/internal/pool/pool.go:134.5,134.17 1 615
github.com/dicedb/dicedb-go/internal/pool/pool.go:136.11,137.10 1 120
github.com/dicedb/dicedb-go/internal/pool/pool.go:142.40,144.16 2 615
github.com/dicedb/dicedb-go/internal/pool/pool.go:144.16,146.3 1 0
github.com/dicedb/dicedb-go/internal/pool/pool.go:148.2,152.16 3 615
github.com/dicedb/dicedb-go/internal/pool/pool.go:152.16,155.3 2 10
github.com/dicedb/dicedb-go/internal/pool/pool.go:157.2,159.12 3 605
github.com/dicedb/dicedb-go/internal/pool/pool.go:162.64,164.2 1 0
github.com/dicedb/dicedb-go/internal/pool/pool.go:166.77,167.16 1 21273
github.com/dicedb/dicedb-go/internal/pool/pool.go:167.16,169.3 1 0
github.com/dicedb/dicedb-go/internal/pool/pool.go:171.2,172.68 2 21273
github.com/dicedb/dicedb-go/internal/pool/pool.go:172.68,175.3 2 0
github.com/dicedb/dicedb-go/internal/pool/pool.go:176.2,179.16 3 21273
github.com/dicedb/dicedb-go/internal/pool/pool.go:179.16,181.3 1 0
github.com/dicedb/dicedb-go/internal/pool/pool.go:183.2,186.68 3 21273
github.com/dicedb/dicedb-go/internal/pool/pool.go:186.68,189.3 2 0
github.com/dicedb/dicedb-go/internal/pool/pool.go:191.2,192.12 2 21273
github.com/dicedb/dicedb-go/internal/pool/pool.go:192.12,194.35 1 21273
github.com/dicedb/dicedb-go/internal/pool/pool.go:194.35,196.4 1 0
github.com/dicedb/dicedb-go/internal/pool/pool.go:196.9,198.4 1 21273
github.com/dicedb/dicedb-go/internal/pool/pool.go:201.2,201.16 1 21273
github.com/dicedb/dicedb-go/internal/pool/pool.go:204.78,205.16 1 21888
github.com/dicedb/dicedb-go/internal/pool/pool.go:205.16,207.3 1 0
github.com/dicedb/dicedb-go/internal/pool/pool.go:209.2,209.67 1 21888
github.com/dicedb/dicedb-go/internal/pool/pool.go:209.67,211.3 1 0
github.com/dicedb/dicedb-go/internal/pool/pool.go:213.2,214.16 2 21888
github.com/dicedb/dicedb-go/internal/pool/pool.go:214.16,216.70 2 0
github.com/dicedb/dicedb-go/internal/pool/pool.go:216.70,218.4 1 0
github.com/dicedb/dicedb-go/internal/pool/pool.go:219.3,219.18 1 0
github.com/dicedb/dicedb-go/internal/pool/pool.go:222.2,224.16 3 21888
github.com/dicedb/dicedb-go/internal/pool/pool.go:227.30,228.6 1 0
github.com/dicedb/dicedb-go/internal/pool/pool.go:228.6,229.17 1 0
github.com/dicedb/dicedb-go/internal/pool/pool.go:229.17,231.4 1 0
github.com/dicedb/dicedb-go/internal/pool/pool.go:233.3,234.17 2 0
github.com/dicedb/dicedb-go/internal/pool/pool.go:234.17,237.12 3 0
github.com/dicedb/dicedb-go/internal/pool/pool.go:240.3,242.9 3 0
github.com/dicedb/dicedb-go/internal/pool/pool.go:246.48,248.2 1 0
github.com/dicedb/dicedb-go/internal/pool/pool.go:250.45,252.16 2 0
github.com/dicedb/dicedb-go/internal/pool/pool.go:252.16,254.3 1 0
github.com/dicedb/dicedb-go/internal/pool/pool.go:255.2,255.12 1 0
github.com/dicedb/dicedb-go/internal/pool/pool.go:259.60,260.16 1 21617
github.com/dicedb/dicedb-go/internal/pool/pool.go:260.16,262.3 1 0
github.com/dicedb/dicedb-go/internal/pool/pool.go:264.2,264.40 1 21617
github.com/dicedb/dicedb-go/internal/pool/pool.go:264.40,266.3 1 2
github.com/dicedb/dicedb-go/internal/pool/pool.go:268.2,268.6 1 21615
github.com/dicedb/dicedb-go/internal/pool/pool.go:268.6,273.17 4 31746
github.com/dicedb/dicedb-go/internal/pool/pool.go:273.17,276.4 2 0
github.com/dicedb/dicedb-go/internal/pool/pool.go:278.3,278.16 1 31746
github.com/dicedb/dicedb-go/internal/pool/pool.go:278.16,279.9 1 21273
github.com/dicedb/dicedb-go/internal/pool/pool.go:282.3,282.27 1 10473
github.com/dicedb/dicedb-go/internal/pool/pool.go:282.27,284.12 2 10131
github.com/dicedb/dicedb-go/internal/pool/pool.go:287.3,288.17 2 342
github.com/dicedb/dicedb-go/internal/pool/pool.go:291.2,294.16 3 21273
github.com/dicedb/dicedb-go/internal/pool/pool.go:294.16,297.3 2 0
github.com/dicedb/dicedb-go/internal/pool/pool.go:299.2,299.19 1 21273
github.com/dicedb/dicedb-go/internal/pool/pool.go:302.56,303.9 1 21617
github.com/dicedb/dicedb-go/internal/pool/pool.go:304.20,305.19 1 0
github.com/dicedb/dicedb-go/internal/pool/pool.go:306.10,306.10 0 21617
github.com/dicedb/dicedb-go/internal/pool/pool.go:309.2,309.9 1 21617
github.com/dicedb/dicedb-go/internal/pool/pool.go:310.29,311.13 1 1990
github.com/dicedb/dicedb-go/internal/pool/pool.go:312.10,312.10 0 19627
github.com/dicedb/dicedb-go/internal/pool/pool.go:315.2,318.9 3 19627
github.com/dicedb/dicedb-go/internal/pool/pool.go:319.20,320.20 1 0
github.com/dicedb/dicedb-go/internal/pool/pool.go:320.20,322.4 1 0
github.com/dicedb/dicedb-go/internal/pool/pool.go:323.3,324.19 2 0
github.com/dicedb/dicedb-go/internal/pool/pool.go:325.29,326.20 1 19625
github.com/dicedb/dicedb-go/internal/pool/pool.go:326.20,328.4 1 0
github.com/dicedb/dicedb-go/internal/pool/pool.go:329.3,330.13 2 19625
github.com/dicedb/dicedb-go/internal/pool/pool.go:331.17,334.24 3 2
github.com/dicedb/dicedb-go/internal/pool/pool.go:338.31,340.2 1 21028
github.com/dicedb/dicedb-go/internal/pool/pool.go:342.45,343.16 1 31746
github.com/dicedb/dicedb-go/internal/pool/pool.go:343.16,345.3 1 0
github.com/dicedb/dicedb-go/internal/pool/pool.go:346.2,347.12 2 31746
github.com/dicedb/dicedb-go/internal/pool/pool.go:347.12,349.3 1 21273
github.com/dicedb/dicedb-go/internal/pool/pool.go:351.2,352.20 2 10473
github.com/dicedb/dicedb-go/internal/pool/pool.go:352.20,356.3 3 0
github.com/dicedb/dicedb-go/internal/pool/pool.go:356.8,360.3 3 10473
github.com/dicedb/dicedb-go/internal/pool/pool.go:361.2,363.16 3 10473
github.com/dicedb/dicedb-go/internal/pool/pool.go:366.55,367.26 1 10210
github.com/dicedb/dicedb-go/internal/pool/pool.go:367.26,371.3 3 0
github.com/dicedb/dicedb-go/internal/pool/pool.go:373.2,373.16 1 10210
github.com/dicedb/dicedb-go/internal/pool/pool.go:373.16,376.3 2 0
github.com/dicedb/dicedb-go/internal/pool/pool.go:378.2,382.68 3 10210
github.com/dicedb/dicedb-go/internal/pool/pool.go:382.68,385.3 2 10210
github.com/dicedb/dicedb-go/internal/pool/pool.go:385.8,388.3 2 0
github.com/dicedb/dicedb-go/internal/pool/pool.go:390.2,394.21 3 10210
github.com/dicedb/dicedb-go/internal/pool/pool.go:394.21,396.3 1 0
github.com/dicedb/dicedb-go/internal/pool/pool.go:399.70,403.2 3 10203
github.com/dicedb/dicedb-go/internal/pool/pool.go:405.46,408.2 2 10131
github.com/dicedb/dicedb-go/internal/pool/pool.go:410.49,414.2 3 20334
github.com/dicedb/dicedb-go/internal/pool/pool.go:416.41,417.28 1 20334
github.com/dicedb/dicedb-go/internal/pool/pool.go:417.28,418.14 1 63654
github.com/dicedb/dicedb-go/internal/pool/pool.go:418.14,420.17 2 20334
github.com/dicedb/dicedb-go/internal/pool/pool.go:420.17,423.5 2 20334
github.com/dicedb/dicedb-go/internal/pool/pool.go:424.4,424.9 1 20334
github.com/dicedb/dicedb-go/internal/pool/pool.go:427.2,427.42 1 20334
github.com/dicedb/dicedb-go/internal/pool/pool.go:430.46,432.2 1 20878
github.com/dicedb/dicedb-go/internal/pool/pool.go:435.30,440.2 4 50
github.com/dicedb/dicedb-go/internal/pool/pool.go:443.34,448.2 4 12
github.com/dicedb/dicedb-go/internal/pool/pool.go:450.35,460.2 1 2
github.com/dicedb/dicedb-go/internal/pool/pool.go:462.34,464.2 1 97139
github.com/dicedb/dicedb-go/internal/pool/pool.go:466.54,471.29 4 0
github.com/dicedb/dicedb-go/internal/pool/pool.go:471.29,472.13 1 0
github.com/dicedb/dicedb-go/internal/pool/pool.go:472.13,473.61 1 0
github.com/dicedb/dicedb-go/internal/pool/pool.go:473.61,475.5 1 0
github.com/dicedb/dicedb-go/internal/pool/pool.go:478.2,478.17 1 0
github.com/dicedb/dicedb-go/internal/pool/pool.go:481.34,482.52 1 17
github.com/dicedb/dicedb-go/internal/pool/pool.go:482.52,484.3 1 2
github.com/dicedb/dicedb-go/internal/pool/pool.go:486.2,488.29 3 15
github.com/dicedb/dicedb-go/internal/pool/pool.go:488.29,489.60 1 544
github.com/dicedb/dicedb-go/internal/pool/pool.go:489.60,491.4 1 0
github.com/dicedb/dicedb-go/internal/pool/pool.go:493.2,499.17 6 15
github.com/dicedb/dicedb-go/internal/pool/pool.go:502.49,505.81 2 10473
github.com/dicedb/dicedb-go/internal/pool/pool.go:505.81,507.3 1 0
github.com/dicedb/dicedb-go/internal/pool/pool.go:508.2,508.80 1 10473
github.com/dicedb/dicedb-go/internal/pool/pool.go:508.80,510.3 1 10000
github.com/dicedb/dicedb-go/internal/pool/pool.go:512.2,512.34 1 473
github.com/dicedb/dicedb-go/internal/pool/pool.go:512.34,514.3 1 131
github.com/dicedb/dicedb-go/internal/pool/pool.go:516.2,517.13 2 342
github.com/dicedb/dicedb-go/internal/pool/pool_single.go:13.63,18.2 1 0
github.com/dicedb/dicedb-go/internal/pool/pool_single.go:20.70,22.2 1 0
github.com/dicedb/dicedb-go/internal/pool/pool_single.go:24.52,26.2 1 0
github.com/dicedb/dicedb-go/internal/pool/pool_single.go:28.66,29.24 1 0
github.com/dicedb/dicedb-go/internal/pool/pool_single.go:29.24,31.3 1 0
github.com/dicedb/dicedb-go/internal/pool/pool_single.go:32.2,32.18 1 0
github.com/dicedb/dicedb-go/internal/pool/pool_single.go:35.62,35.63 0 0
github.com/dicedb/dicedb-go/internal/pool/pool_single.go:37.78,40.2 2 0
github.com/dicedb/dicedb-go/internal/pool/pool_single.go:42.40,46.2 3 0
github.com/dicedb/dicedb-go/internal/pool/pool_single.go:48.36,50.2 1 0
github.com/dicedb/dicedb-go/internal/pool/pool_single.go:52.40,54.2 1 0
github.com/dicedb/dicedb-go/internal/pool/pool_single.go:56.41,58.2 1 0
github.com/dicedb/dicedb-go/internal/pool/pool_sticky.go:22.38,24.22 2 0
github.com/dicedb/dicedb-go/internal/pool/pool_sticky.go:24.22,26.3 1 0
github.com/dicedb/dicedb-go/internal/pool/pool_sticky.go:27.2,27.10 1 0
github.com/dicedb/dicedb-go/internal/pool/pool_sticky.go:30.38,32.2 1 0
github.com/dicedb/dicedb-go/internal/pool/pool_sticky.go:48.53,50.9 2 0
github.com/dicedb/dicedb-go/internal/pool/pool_sticky.go:50.9,55.3 1 0
github.com/dicedb/dicedb-go/internal/pool/pool_sticky.go:56.2,57.10 2 0
github.com/dicedb/dicedb-go/internal/pool/pool_sticky.go:60.70,62.2 1 0
github.com/dicedb/dicedb-go/internal/pool/pool_sticky.go:64.52,66.2 1 0
github.com/dicedb/dicedb-go/internal/pool/pool_sticky.go:68.66,70.28 1 0
github.com/dicedb/dicedb-go/internal/pool/pool_sticky.go:70.28,71.38 1 0
github.com/dicedb/dicedb-go/internal/pool/pool_sticky.go:72.21,74.18 2 0
github.com/dicedb/dicedb-go/internal/pool/pool_sticky.go:74.18,76.5 1 0
github.com/dicedb/dicedb-go/internal/pool/pool_sticky.go:77.4,77.72 1 0
github.com/dicedb/dicedb-go/internal/pool/pool_sticky.go:77.72,79.5 1 0
github.com/dicedb/dicedb-go/internal/pool/pool_sticky.go:80.4,80.37 1 0
github.com/dicedb/dicedb-go/internal/pool/pool_sticky.go:81.20,82.43 1 0
github.com/dicedb/dicedb-go/internal/pool/pool_sticky.go:82.43,84.5 1 0
github.com/dicedb/dicedb-go/internal/pool/pool_sticky.go:85.4,86.11 2 0
github.com/dicedb/dicedb-go/internal/pool/pool_sticky.go:86.11,88.5 1 0
github.com/dicedb/dicedb-go/internal/pool/pool_sticky.go:89.4,89.18 1 0
github.com/dicedb/dicedb-go/internal/pool/pool_sticky.go:90.20,91.25 1 0
github.com/dicedb/dicedb-go/internal/pool/pool_sticky.go:92.11,93.24 1 0
github.com/dicedb/dicedb-go/internal/pool/pool_sticky.go:96.2,96.68 1 0
github.com/dicedb/dicedb-go/internal/pool/pool_sticky.go:99.61,100.15 1 0
github.com/dicedb/dicedb-go/internal/pool/pool_sticky.go:100.15,101.23 1 0
github.com/dicedb/dicedb-go/internal/pool/pool_sticky.go:101.23,103.4 1 0
github.com/dicedb/dicedb-go/internal/pool/pool_sticky.go:105.2,105.12 1 0
github.com/dicedb/dicedb-go/internal/pool/pool_sticky.go:108.66,109.41 1 0
github.com/dicedb/dicedb-go/internal/pool/pool_sticky.go:109.41,111.3 1 0
github.com/dicedb/dicedb-go/internal/pool/pool_sticky.go:111.8,113.3 1 0
github.com/dicedb/dicedb-go/internal/pool/pool_sticky.go:116.78,117.15 1 0
github.com/dicedb/dicedb-go/internal/pool/pool_sticky.go:117.15,118.23 1 0
github.com/dicedb/dicedb-go/internal/pool/pool_sticky.go:118.23,120.4 1 0
github.com/dicedb/dicedb-go/internal/pool/pool_sticky.go:122.2,123.12 2 0
github.com/dicedb/dicedb-go/internal/pool/pool_sticky.go:126.40,127.58 1 0
github.com/dicedb/dicedb-go/internal/pool/pool_sticky.go:127.58,129.3 1 0
github.com/dicedb/dicedb-go/internal/pool/pool_sticky.go:131.2,131.28 1 0
github.com/dicedb/dicedb-go/internal/pool/pool_sticky.go:131.28,133.27 2 0
github.com/dicedb/dicedb-go/internal/pool/pool_sticky.go:133.27,135.4 1 0
github.com/dicedb/dicedb-go/internal/pool/pool_sticky.go:136.3,136.64 1 0
github.com/dicedb/dicedb-go/internal/pool/pool_sticky.go:136.64,139.10 3 0
github.com/dicedb/dicedb-go/internal/pool/pool_sticky.go:139.10,141.5 1 0
github.com/dicedb/dicedb-go/internal/pool/pool_sticky.go:142.4,142.14 1 0
github.com/dicedb/dicedb-go/internal/pool/pool_sticky.go:146.2,146.65 1 0
github.com/dicedb/dicedb-go/internal/pool/pool_sticky.go:149.59,150.29 1 0
github.com/dicedb/dicedb-go/internal/pool/pool_sticky.go:150.29,152.3 1 0
github.com/dicedb/dicedb-go/internal/pool/pool_sticky.go:154.2,154.9 1 0
github.com/dicedb/dicedb-go/internal/pool/pool_sticky.go:155.24,156.10 1 0
github.com/dicedb/dicedb-go/internal/pool/pool_sticky.go:156.10,158.4 1 0
github.com/dicedb/dicedb-go/internal/pool/pool_sticky.go:159.3,160.52 2 0
github.com/dicedb/dicedb-go/internal/pool/pool_sticky.go:161.10,162.66 1 0
github.com/dicedb/dicedb-go/internal/pool/pool_sticky.go:165.2,165.71 1 0
github.com/dicedb/dicedb-go/internal/pool/pool_sticky.go:165.71,168.3 2 0
github.com/dicedb/dicedb-go/internal/pool/pool_sticky.go:170.2,170.12 1 0
github.com/dicedb/dicedb-go/internal/pool/pool_sticky.go:173.47,174.43 1 0
github.com/dicedb/dicedb-go/internal/pool/pool_sticky.go:174.43,175.50 1 0
github.com/dicedb/dicedb-go/internal/pool/pool_sticky.go:175.50,177.4 1 0
github.com/dicedb/dicedb-go/internal/pool/pool_sticky.go:179.2,179.12 1 0
github.com/dicedb/dicedb-go/internal/pool/pool_sticky.go:182.36,183.37 1 0
github.com/dicedb/dicedb-go/internal/pool/pool_sticky.go:184.20,185.11 1 0
github.com/dicedb/dicedb-go/internal/pool/pool_sticky.go:186.19,187.11 1 0
github.com/dicedb/dicedb-go/internal/pool/pool_sticky.go:188.19,189.11 1 0
github.com/dicedb/dicedb-go/internal/pool/pool_sticky.go:190.10,191.23 1 0
github.com/dicedb/dicedb-go/internal/pool/pool_sticky.go:195.40,197.2 1 0
github.com/dicedb/dicedb-go/internal/pool/pool_sticky.go:199.41,201.2 1 0
github.com/dicedb/dicedb-go/internal/rand/rand.go:9.16,9.39 1 0
github.com/dicedb/dicedb-go/internal/rand/rand.go:13.22,13.47 1 0
github.com/dicedb/dicedb-go/internal/rand/rand.go:17.28,17.55 1 0
github.com/dicedb/dicedb-go/internal/rand/rand.go:20.24,20.49 1 0
github.com/dicedb/dicedb-go/internal/rand/rand.go:25.20,25.38 1 0
github.com/dicedb/dicedb-go/internal/rand/rand.go:34.32,39.2 4 0
github.com/dicedb/dicedb-go/internal/rand/rand.go:41.35,45.2 3 0
github.com/dicedb/dicedb-go/internal/rand/rand.go:50.42,50.69 1 0
github.com/dicedb/dicedb-go/internal/util/strconv.go:5.34,7.2 1 0
github.com/dicedb/dicedb-go/internal/util/strconv.go:9.63,11.2 1 0
github.com/dicedb/dicedb-go/internal/util/strconv.go:13.65,15.2 1 0
github.com/dicedb/dicedb-go/internal/util/strconv.go:17.57,19.2 1 0
github.com/dicedb/dicedb-go/internal/util/type.go:3.27,5.2 1 0
github.com/dicedb/dicedb-go/internal/util/unsafe.go:10.37,12.2 1 0
github.com/dicedb/dicedb-go/internal/util/unsafe.go:15.37,22.2 1 0
github.com/dicedb/dicedb-go/acl_commands.go:11.101,18.2 6 0
github.com/dicedb/dicedb-go/acl_commands.go:20.70,23.15 3 0
github.com/dicedb/dicedb-go/acl_commands.go:23.15,25.3 1 0
github.com/dicedb/dicedb-go/acl_commands.go:26.2,28.12 3 0
github.com/dicedb/dicedb-go/acl_commands.go:31.62,35.2 3 0
github.com/dicedb/dicedb-go/bitmap_commands.go:22.80,26.2 3 0
github.com/dicedb/dicedb-go/bitmap_commands.go:28.91,38.2 3 20
github.com/dicedb/dicedb-go/bitmap_commands.go:48.88,52.21 4 4
github.com/dicedb/dicedb-go/bitmap_commands.go:52.21,54.26 2 4
github.com/dicedb/dicedb-go/bitmap_commands.go:54.26,55.79 1 2
github.com/dicedb/dicedb-go/bitmap_commands.go:55.79,59.5 3 0
github.com/dicedb/dicedb-go/bitmap_commands.go:60.4,60.38 1 2
github.com/dicedb/dicedb-go/bitmap_commands.go:63.2,65.12 3 4
github.com/dicedb/dicedb-go/bitmap_commands.go:68.89,73.27 5 0
github.com/dicedb/dicedb-go/bitmap_commands.go:73.27,75.3 1 0
github.com/dicedb/dicedb-go/bitmap_commands.go:76.2,78.12 3 0
github.com/dicedb/dicedb-go/bitmap_commands.go:81.88,83.2 1 0
github.com/dicedb/dicedb-go/bitmap_commands.go:85.87,87.2 1 0
github.com/dicedb/dicedb-go/bitmap_commands.go:89.88,91.2 1 0
github.com/dicedb/dicedb-go/bitmap_commands.go:93.84,95.2 1 0
github.com/dicedb/dicedb-go/bitmap_commands.go:99.91,104.18 5 0
github.com/dicedb/dicedb-go/bitmap_commands.go:105.9,105.9 0 0
github.com/dicedb/dicedb-go/bitmap_commands.go:106.9,107.19 1 0
github.com/dicedb/dicedb-go/bitmap_commands.go:108.9,110.19 2 0
github.com/dicedb/dicedb-go/bitmap_commands.go:111.10,112.30 1 0
github.com/dicedb/dicedb-go/bitmap_commands.go:114.2,116.12 3 0
github.com/dicedb/dicedb-go/bitmap_commands.go:125.111,129.2 3 0
github.com/dicedb/dicedb-go/bitmap_commands.go:135.96,143.2 7 0
github.com/dicedb/dicedb-go/bitmap_commands.go:148.98,152.24 4 0
github.com/dicedb/dicedb-go/bitmap_commands.go:152.24,153.65 1 0
github.com/dicedb/dicedb-go/bitmap_commands.go:155.2,155.38 1 0
github.com/dicedb/dicedb-go/bitmap_commands.go:155.38,157.3 1 0
github.com/dicedb/dicedb-go/bitmap_commands.go:158.2,160.12 3 0
github.com/dicedb/dicedb-go/cluster_commands.go:32.67,36.2 3 0
github.com/dicedb/dicedb-go/cluster_commands.go:38.69,42.2 3 0
github.com/dicedb/dicedb-go/cluster_commands.go:44.71,48.2 3 0
github.com/dicedb/dicedb-go/cluster_commands.go:50.69,54.2 3 0
github.com/dicedb/dicedb-go/cluster_commands.go:56.63,60.2 3 0
github.com/dicedb/dicedb-go/cluster_commands.go:62.81,66.2 3 0
github.com/dicedb/dicedb-go/cluster_commands.go:68.79,72.2 3 0
github.com/dicedb/dicedb-go/cluster_commands.go:74.82,78.2 3 0
github.com/dicedb/dicedb-go/cluster_commands.go:80.67,84.2 3 0
github.com/dicedb/dicedb-go/cluster_commands.go:86.67,90.2 3 0
github.com/dicedb/dicedb-go/cluster_commands.go:92.62,96.2 3 0
github.com/dicedb/dicedb-go/cluster_commands.go:98.74,102.2 3 0
github.com/dicedb/dicedb-go/cluster_commands.go:104.97,108.2 3 0
github.com/dicedb/dicedb-go/cluster_commands.go:110.89,114.2 3 0
github.com/dicedb/dicedb-go/cluster_commands.go:116.80,120.2 3 0
github.com/dicedb/dicedb-go/cluster_commands.go:122.80,126.29 4 0
github.com/dicedb/dicedb-go/cluster_commands.go:126.29,128.3 1 0
github.com/dicedb/dicedb-go/cluster_commands.go:129.2,131.12 3 0
github.com/dicedb/dicedb-go/cluster_commands.go:134.85,137.28 3 0
github.com/dicedb/dicedb-go/cluster_commands.go:137.28,139.3 1 0
github.com/dicedb/dicedb-go/cluster_commands.go:140.2,140.41 1 0
github.com/dicedb/dicedb-go/cluster_commands.go:143.68,147.2 3 0
github.com/dicedb/dicedb-go/cluster_commands.go:149.84,153.2 3 0
github.com/dicedb/dicedb-go/cluster_commands.go:155.66,159.2 3 0
github.com/dicedb/dicedb-go/cluster_commands.go:161.80,165.28 4 0
github.com/dicedb/dicedb-go/cluster_commands.go:165.28,167.3 1 0
github.com/dicedb/dicedb-go/cluster_commands.go:168.2,170.12 3 0
github.com/dicedb/dicedb-go/cluster_commands.go:173.85,176.28 3 0
github.com/dicedb/dicedb-go/cluster_commands.go:176.28,178.3 1 0
github.com/dicedb/dicedb-go/cluster_commands.go:179.2,179.41 1 0
github.com/dicedb/dicedb-go/cluster_commands.go:182.59,186.2 3 0
github.com/dicedb/dicedb-go/cluster_commands.go:188.60,192.2 3 0
github.com/dicedb/dicedb-go/command.go:49.40,50.27 1 0
github.com/dicedb/dicedb-go/command.go:50.27,51.23 1 0
github.com/dicedb/dicedb-go/command.go:51.23,53.4 1 0
github.com/dicedb/dicedb-go/command.go:57.39,58.27 1 2049
github.com/dicedb/dicedb-go/command.go:58.27,59.35 1 2102
github.com/dicedb/dicedb-go/command.go:59.35,61.4 1 0
github.com/dicedb/dicedb-go/command.go:63.2,63.12 1 2049
github.com/dicedb/dicedb-go/command.go:66.54,67.27 1 2049
github.com/dicedb/dicedb-go/command.go:67.27,68.43 1 2102
github.com/dicedb/dicedb-go/command.go:68.43,70.4 1 0
github.com/dicedb/dicedb-go/command.go:72.2,72.12 1 2049
github.com/dicedb/dicedb-go/command.go:75.50,77.2 1 4298
github.com/dicedb/dicedb-go/command.go:79.36,80.40 1 0
github.com/dicedb/dicedb-go/command.go:80.40,82.3 1 0
github.com/dicedb/dicedb-go/command.go:84.2,84.20 1 0
github.com/dicedb/dicedb-go/command.go:85.50,86.30 1 0
github.com/dicedb/dicedb-go/command.go:86.30,88.4 1 0
github.com/dicedb/dicedb-go/command.go:90.3,90.11 1 0
github.com/dicedb/dicedb-go/command.go:91.17,92.11 1 0
github.com/dicedb/dicedb-go/command.go:93.16,95.34 1 0
github.com/dicedb/dicedb-go/command.go:95.34,97.4 1 0
github.com/dicedb/dicedb-go/command.go:99.2,99.10 1 0
github.com/dicedb/dicedb-go/command.go:102.51,105.33 2 8
github.com/dicedb/dicedb-go/command.go:105.33,106.12 1 11
github.com/dicedb/dicedb-go/command.go:106.12,108.4 1 3
github.com/dicedb/dicedb-go/command.go:109.3,109.33 1 11
github.com/dicedb/dicedb-go/command.go:112.2,112.34 1 8
github.com/dicedb/dicedb-go/command.go:112.34,115.3 2 0
github.com/dicedb/dicedb-go/command.go:115.8,115.23 1 8
github.com/dicedb/dicedb-go/command.go:115.23,118.3 2 8
github.com/dicedb/dicedb-go/command.go:120.2,120.30 1 8
github.com/dicedb/dicedb-go/command.go:136.35,137.24 1 0
github.com/dicedb/dicedb-go/command.go:137.24,139.3 1 0
github.com/dicedb/dicedb-go/command.go:141.2,141.43 1 0
github.com/dicedb/dicedb-go/command.go:144.39,145.34 1 0
github.com/dicedb/dicedb-go/command.go:146.28,147.25 1 0
github.com/dicedb/dicedb-go/command.go:147.25,149.4 1 0
github.com/dicedb/dicedb-go/command.go:150.3,150.41 1 0
github.com/dicedb/dicedb-go/command.go:150.41,152.4 1 0
github.com/dicedb/dicedb-go/command.go:153.3,153.14 1 0
github.com/dicedb/dicedb-go/command.go:154.10,155.14 1 0
github.com/dicedb/dicedb-go/command.go:159.42,161.2 1 4306
github.com/dicedb/dicedb-go/command.go:163.47,164.37 1 0
github.com/dicedb/dicedb-go/command.go:164.37,166.3 1 0
github.com/dicedb/dicedb-go/command.go:167.2,168.25 2 0
github.com/dicedb/dicedb-go/command.go:169.14,170.11 1 0
github.com/dicedb/dicedb-go/command.go:171.10,173.23 1 0
github.com/dicedb/dicedb-go/command.go:177.40,179.2 1 0
github.com/dicedb/dicedb-go/command.go:181.49,183.2 1 0
github.com/dicedb/dicedb-go/command.go:185.37,187.2 1 4295
github.com/dicedb/dicedb-go/command.go:189.33,191.2 1 7241
github.com/dicedb/dicedb-go/command.go:193.50,195.2 1 3198
github.com/dicedb/dicedb-go/command.go:197.53,199.2 1 0
github.com/dicedb/dicedb-go/command.go:201.64,204.2 2 0
github.com/dicedb/dicedb-go/command.go:214.60,221.2 1 1
github.com/dicedb/dicedb-go/command.go:223.33,225.2 1 0
github.com/dicedb/dicedb-go/command.go:227.41,229.2 1 0
github.com/dicedb/dicedb-go/command.go:231.35,233.2 1 0
github.com/dicedb/dicedb-go/command.go:235.47,237.2 1 1
github.com/dicedb/dicedb-go/command.go:239.40,240.20 1 1
github.com/dicedb/dicedb-go/command.go:240.20,242.3 1 1
github.com/dicedb/dicedb-go/command.go:243.2,243.26 1 0
github.com/dicedb/dicedb-go/command.go:246.48,247.27 1 0
github.com/dicedb/dicedb-go/command.go:248.14,249.18 1 0
github.com/dicedb/dicedb-go/command.go:250.10,252.17 2 0
github.com/dicedb/dicedb-go/command.go:256.36,257.20 1 0
github.com/dicedb/dicedb-go/command.go:257.20,259.3 1 0
github.com/dicedb/dicedb-go/command.go:260.2,260.31 1 0
github.com/dicedb/dicedb-go/command.go:261.13,262.23 1 0
github.com/dicedb/dicedb-go/command.go:263.14,264.27 1 0
github.com/dicedb/dicedb-go/command.go:265.10,267.16 2 0
github.com/dicedb/dicedb-go/command.go:271.40,272.20 1 0
github.com/dicedb/dicedb-go/command.go:272.20,274.3 1 0
github.com/dicedb/dicedb-go/command.go:275.2,275.25 1 0
github.com/dicedb/dicedb-go/command.go:278.46,279.27 1 0
github.com/dicedb/dicedb-go/command.go:280.13,281.18 1 0
github.com/dicedb/dicedb-go/command.go:282.14,283.39 1 0
github.com/dicedb/dicedb-go/command.go:284.10,286.16 2 0
github.com/dicedb/dicedb-go/command.go:290.42,291.20 1 0
github.com/dicedb/dicedb-go/command.go:291.20,293.3 1 0
github.com/dicedb/dicedb-go/command.go:294.2,294.26 1 0
github.com/dicedb/dicedb-go/command.go:297.48,298.27 1 0
github.com/dicedb/dicedb-go/command.go:299.13,300.26 1 0
github.com/dicedb/dicedb-go/command.go:301.14,302.40 1 0
github.com/dicedb/dicedb-go/command.go:303.10,305.16 2 0
github.com/dicedb/dicedb-go/command.go:309.44,310.20 1 0
github.com/dicedb/dicedb-go/command.go:310.20,312.3 1 0
github.com/dicedb/dicedb-go/command.go:313.2,313.27 1 0
github.com/dicedb/dicedb-go/command.go:316.50,317.27 1 0
github.com/dicedb/dicedb-go/command.go:318.13,319.27 1 0
github.com/dicedb/dicedb-go/command.go:320.14,322.17 2 0
github.com/dicedb/dicedb-go/command.go:322.17,324.4 1 0
github.com/dicedb/dicedb-go/command.go:325.3,325.25 1 0
github.com/dicedb/dicedb-go/command.go:326.10,328.16 2 0
github.com/dicedb/dicedb-go/command.go:332.44,333.20 1 0
github.com/dicedb/dicedb-go/command.go:333.20,335.3 1 0
github.com/dicedb/dicedb-go/command.go:336.2,336.27 1 0
github.com/dicedb/dicedb-go/command.go:339.50,340.27 1 0
github.com/dicedb/dicedb-go/command.go:341.13,342.27 1 0
github.com/dicedb/dicedb-go/command.go:343.14,344.37 1 0
github.com/dicedb/dicedb-go/command.go:345.10,347.16 2 0
github.com/dicedb/dicedb-go/command.go:351.38,352.20 1 0
github.com/dicedb/dicedb-go/command.go:352.20,354.3 1 0
github.com/dicedb/dicedb-go/command.go:355.2,355.24 1 0
github.com/dicedb/dicedb-go/command.go:358.44,359.27 1 0
github.com/dicedb/dicedb-go/command.go:360.12,361.18 1 0
github.com/dicedb/dicedb-go/command.go:362.13,363.23 1 0
github.com/dicedb/dicedb-go/command.go:364.14,365.32 1 0
github.com/dicedb/dicedb-go/command.go:366.10,368.20 2 0
github.com/dicedb/dicedb-go/command.go:372.48,373.20 1 0
github.com/dicedb/dicedb-go/command.go:373.20,375.3 1 0
github.com/dicedb/dicedb-go/command.go:376.2,376.31 1 0
github.com/dicedb/dicedb-go/command.go:377.21,378.18 1 0
github.com/dicedb/dicedb-go/command.go:379.10,380.69 1 0
github.com/dicedb/dicedb-go/command.go:384.49,386.16 2 0
github.com/dicedb/dicedb-go/command.go:386.16,388.3 1 0
github.com/dicedb/dicedb-go/command.go:390.2,391.30 2 0
github.com/dicedb/dicedb-go/command.go:391.30,393.17 2 0
github.com/dicedb/dicedb-go/command.go:393.17,395.4 1 0
github.com/dicedb/dicedb-go/command.go:396.3,396.14 1 0
github.com/dicedb/dicedb-go/command.go:398.2,398.16 1 0
github.com/dicedb/dicedb-go/command.go:401.47,403.16 2 0
github.com/dicedb/dicedb-go/command.go:403.16,405.3 1 0
github.com/dicedb/dicedb-go/command.go:407.2,408.30 2 0
github.com/dicedb/dicedb-go/command.go:408.30,410.17 2 0
github.com/dicedb/dicedb-go/command.go:410.17,412.4 1 0
github.com/dicedb/dicedb-go/command.go:413.3,413.16 1 0
github.com/dicedb/dicedb-go/command.go:415.2,415.18 1 0
github.com/dicedb/dicedb-go/command.go:418.49,420.16 2 0
github.com/dicedb/dicedb-go/command.go:420.16,422.3 1 0
github.com/dicedb/dicedb-go/command.go:424.2,425.30 2 0
github.com/dicedb/dicedb-go/command.go:425.30,427.17 2 0
github.com/dicedb/dicedb-go/command.go:427.17,429.4 1 0
github.com/dicedb/dicedb-go/command.go:430.3,430.16 1 0
github.com/dicedb/dicedb-go/command.go:432.2,432.18 1 0
github.com/dicedb/dicedb-go/command.go:435.51,437.16 2 0
github.com/dicedb/dicedb-go/command.go:437.16,439.3 1 0
github.com/dicedb/dicedb-go/command.go:441.2,442.30 2 0
github.com/dicedb/dicedb-go/command.go:442.30,444.17 2 0
github.com/dicedb/dicedb-go/command.go:444.17,446.4 1 0
github.com/dicedb/dicedb-go/command.go:447.3,447.18 1 0
github.com/dicedb/dicedb-go/command.go:449.2,449.20 1 0
github.com/dicedb/dicedb-go/command.go:452.51,454.16 2 0
github.com/dicedb/dicedb-go/command.go:454.16,456.3 1 0
github.com/dicedb/dicedb-go/command.go:458.2,459.30 2 0
github.com/dicedb/dicedb-go/command.go:459.30,461.17 2 0
github.com/dicedb/dicedb-go/command.go:461.17,463.4 1 0
github.com/dicedb/dicedb-go/command.go:464.3,464.18 1 0
github.com/dicedb/dicedb-go/command.go:466.2,466.20 1 0
github.com/dicedb/dicedb-go/command.go:469.45,471.16 2 0
github.com/dicedb/dicedb-go/command.go:471.16,473.3 1 0
github.com/dicedb/dicedb-go/command.go:475.2,476.30 2 0
github.com/dicedb/dicedb-go/command.go:476.30,478.17 2 0
github.com/dicedb/dicedb-go/command.go:478.17,480.4 1 0
github.com/dicedb/dicedb-go/command.go:481.3,481.17 1 0
github.com/dicedb/dicedb-go/command.go:483.2,483.19 1 0
github.com/dicedb/dicedb-go/command.go:486.57,489.2 2 1
github.com/dicedb/dicedb-go/command.go:491.32,492.52 1 0
github.com/dicedb/dicedb-go/command.go:492.52,495.3 2 0
github.com/dicedb/dicedb-go/command.go:497.2,497.73 1 0
github.com/dicedb/dicedb-go/command.go:510.70,517.2 1 2
github.com/dicedb/dicedb-go/command.go:519.48,521.2 1 0
github.com/dicedb/dicedb-go/command.go:523.42,525.2 1 0
github.com/dicedb/dicedb-go/command.go:527.54,529.2 1 0
github.com/dicedb/dicedb-go/command.go:531.38,533.2 1 0
github.com/dicedb/dicedb-go/command.go:537.50,538.20 1 0
github.com/dicedb/dicedb-go/command.go:538.20,540.3 1 0
github.com/dicedb/dicedb-go/command.go:544.2,545.28 2 0
github.com/dicedb/dicedb-go/command.go:545.28,547.3 1 0
github.com/dicedb/dicedb-go/command.go:547.8,550.3 1 0
github.com/dicedb/dicedb-go/command.go:552.2,552.39 1 0
github.com/dicedb/dicedb-go/command.go:555.62,558.2 2 0
github.com/dicedb/dicedb-go/command.go:570.72,577.2 1 4209
github.com/dicedb/dicedb-go/command.go:579.42,581.2 1 0
github.com/dicedb/dicedb-go/command.go:583.36,585.2 1 2002
github.com/dicedb/dicedb-go/command.go:587.48,589.2 1 1103
github.com/dicedb/dicedb-go/command.go:591.47,593.2 1 0
github.com/dicedb/dicedb-go/command.go:595.39,597.2 1 7
github.com/dicedb/dicedb-go/command.go:599.63,602.2 2 4213
github.com/dicedb/dicedb-go/command.go:614.66,621.2 1 29
github.com/dicedb/dicedb-go/command.go:623.38,625.2 1 0
github.com/dicedb/dicedb-go/command.go:627.32,629.2 1 8
github.com/dicedb/dicedb-go/command.go:631.44,633.2 1 1
github.com/dicedb/dicedb-go/command.go:635.45,637.2 1 0
github.com/dicedb/dicedb-go/command.go:639.36,641.2 1 0
github.com/dicedb/dicedb-go/command.go:643.60,646.2 2 29
github.com/dicedb/dicedb-go/command.go:658.76,665.2 1 0
github.com/dicedb/dicedb-go/command.go:667.45,669.2 1 0
github.com/dicedb/dicedb-go/command.go:671.39,673.2 1 0
github.com/dicedb/dicedb-go/command.go:675.51,677.2 1 0
github.com/dicedb/dicedb-go/command.go:679.41,681.2 1 0
github.com/dicedb/dicedb-go/command.go:683.59,685.16 2 0
github.com/dicedb/dicedb-go/command.go:685.16,687.3 1 0
github.com/dicedb/dicedb-go/command.go:688.2,689.36 2 0
github.com/dicedb/dicedb-go/command.go:689.36,690.49 1 0
github.com/dicedb/dicedb-go/command.go:690.49,692.4 1 0
github.com/dicedb/dicedb-go/command.go:694.2,694.12 1 0
github.com/dicedb/dicedb-go/command.go:708.101,716.2 1 0
github.com/dicedb/dicedb-go/command.go:718.51,720.2 1 0
github.com/dicedb/dicedb-go/command.go:722.45,724.2 1 0
github.com/dicedb/dicedb-go/command.go:726.57,728.2 1 0
github.com/dicedb/dicedb-go/command.go:730.41,732.2 1 0
github.com/dicedb/dicedb-go/command.go:734.59,736.16 2 0
github.com/dicedb/dicedb-go/command.go:736.16,738.3 1 0
github.com/dicedb/dicedb-go/command.go:739.2,739.11 1 0
github.com/dicedb/dicedb-go/command.go:742.14,743.29 1 0
github.com/dicedb/dicedb-go/command.go:744.10,745.45 1 0
github.com/dicedb/dicedb-go/command.go:747.2,747.12 1 0
github.com/dicedb/dicedb-go/command.go:760.68,767.2 1 0
github.com/dicedb/dicedb-go/command.go:769.43,771.2 1 0
github.com/dicedb/dicedb-go/command.go:773.37,775.2 1 0
github.com/dicedb/dicedb-go/command.go:777.49,779.2 1 0
github.com/dicedb/dicedb-go/command.go:781.37,783.2 1 0
github.com/dicedb/dicedb-go/command.go:785.55,786.48 1 0
github.com/dicedb/dicedb-go/command.go:786.48,788.3 1 0
github.com/dicedb/dicedb-go/command.go:789.2,790.16 2 0
github.com/dicedb/dicedb-go/command.go:790.16,792.3 1 0
github.com/dicedb/dicedb-go/command.go:793.2,794.16 2 0
github.com/dicedb/dicedb-go/command.go:794.16,796.3 1 0
github.com/dicedb/dicedb-go/command.go:797.2,798.12 2 0
github.com/dicedb/dicedb-go/command.go:811.68,818.2 1 4
github.com/dicedb/dicedb-go/command.go:820.38,822.2 1 0
github.com/dicedb/dicedb-go/command.go:824.32,826.2 1 0
github.com/dicedb/dicedb-go/command.go:828.44,830.2 1 0
github.com/dicedb/dicedb-go/command.go:832.37,834.2 1 0
github.com/dicedb/dicedb-go/command.go:836.61,841.16 2 4
github.com/dicedb/dicedb-go/command.go:841.16,844.3 2 0
github.com/dicedb/dicedb-go/command.go:845.2,845.12 1 4
github.com/dicedb/dicedb-go/command.go:858.72,865.2 1 9
github.com/dicedb/dicedb-go/command.go:867.42,869.2 1 0
github.com/dicedb/dicedb-go/command.go:871.36,873.2 1 6
github.com/dicedb/dicedb-go/command.go:875.48,877.2 1 2
github.com/dicedb/dicedb-go/command.go:879.47,881.2 1 0
[...]
github.com/dicedb/dicedb-go/timeseries_commands.go:717.69,719.2 1 0
github.com/dicedb/dicedb-go/timeseries_commands.go:721.75,723.2 1 0
github.com/dicedb/dicedb-go/timeseries_commands.go:725.63,727.2 1 0
github.com/dicedb/dicedb-go/timeseries_commands.go:729.78,731.16 2 0
github.com/dicedb/dicedb-go/timeseries_commands.go:731.16,733.3 1 0
github.com/dicedb/dicedb-go/timeseries_commands.go:734.2,735.25 2 0
github.com/dicedb/dicedb-go/timeseries_commands.go:735.25,738.17 3 0
github.com/dicedb/dicedb-go/timeseries_commands.go:738.17,740.4 1 0
github.com/dicedb/dicedb-go/timeseries_commands.go:741.3,742.17 2 0
github.com/dicedb/dicedb-go/timeseries_commands.go:742.17,744.4 1 0
github.com/dicedb/dicedb-go/timeseries_commands.go:745.3,747.17 3 0
github.com/dicedb/dicedb-go/timeseries_commands.go:747.17,749.4 1 0
github.com/dicedb/dicedb-go/timeseries_commands.go:752.2,752.12 1 0
github.com/dicedb/dicedb-go/timeseries_commands.go:757.133,759.31 2 0
github.com/dicedb/dicedb-go/timeseries_commands.go:759.31,761.3 1 0
github.com/dicedb/dicedb-go/timeseries_commands.go:762.2,764.12 3 0
github.com/dicedb/dicedb-go/timeseries_commands.go:773.167,775.20 2 0
github.com/dicedb/dicedb-go/timeseries_commands.go:775.20,776.21 1 0
github.com/dicedb/dicedb-go/timeseries_commands.go:776.21,778.4 1 0
github.com/dicedb/dicedb-go/timeseries_commands.go:779.3,779.32 1 0
github.com/dicedb/dicedb-go/timeseries_commands.go:779.32,781.41 2 0
github.com/dicedb/dicedb-go/timeseries_commands.go:781.41,783.5 1 0
github.com/dicedb/dicedb-go/timeseries_commands.go:785.3,785.35 1 0
github.com/dicedb/dicedb-go/timeseries_commands.go:785.35,787.44 2 0
github.com/dicedb/dicedb-go/timeseries_commands.go:787.44,789.5 1 0
github.com/dicedb/dicedb-go/timeseries_commands.go:791.3,791.25 1 0
github.com/dicedb/dicedb-go/timeseries_commands.go:791.25,793.4 1 0
github.com/dicedb/dicedb-go/timeseries_commands.go:794.3,794.36 1 0
github.com/dicedb/dicedb-go/timeseries_commands.go:794.36,797.4 2 0
github.com/dicedb/dicedb-go/timeseries_commands.go:798.3,798.25 1 0
github.com/dicedb/dicedb-go/timeseries_commands.go:798.25,800.4 1 0
github.com/dicedb/dicedb-go/timeseries_commands.go:801.3,801.27 1 0
github.com/dicedb/dicedb-go/timeseries_commands.go:801.27,803.4 1 0
github.com/dicedb/dicedb-go/timeseries_commands.go:804.3,804.30 1 0
github.com/dicedb/dicedb-go/timeseries_commands.go:804.30,806.4 1 0
github.com/dicedb/dicedb-go/timeseries_commands.go:807.3,807.34 1 0
github.com/dicedb/dicedb-go/timeseries_commands.go:807.34,809.4 1 0
github.com/dicedb/dicedb-go/timeseries_commands.go:810.3,810.37 1 0
github.com/dicedb/dicedb-go/timeseries_commands.go:810.37,812.4 1 0
github.com/dicedb/dicedb-go/timeseries_commands.go:813.3,813.20 1 0
github.com/dicedb/dicedb-go/timeseries_commands.go:813.20,815.4 1 0
github.com/dicedb/dicedb-go/timeseries_commands.go:817.2,818.31 2 0
github.com/dicedb/dicedb-go/timeseries_commands.go:818.31,820.3 1 0
github.com/dicedb/dicedb-go/timeseries_commands.go:821.2,821.20 1 0
github.com/dicedb/dicedb-go/timeseries_commands.go:821.20,822.34 1 0
github.com/dicedb/dicedb-go/timeseries_commands.go:822.34,824.4 1 0
github.com/dicedb/dicedb-go/timeseries_commands.go:825.3,825.29 1 0
github.com/dicedb/dicedb-go/timeseries_commands.go:825.29,827.4 1 0
github.com/dicedb/dicedb-go/timeseries_commands.go:829.2,831.12 3 0
github.com/dicedb/dicedb-go/timeseries_commands.go:836.136,838.31 2 0
github.com/dicedb/dicedb-go/timeseries_commands.go:838.31,840.3 1 0
github.com/dicedb/dicedb-go/timeseries_commands.go:841.2,843.12 3 0
github.com/dicedb/dicedb-go/timeseries_commands.go:852.173,854.20 2 0
github.com/dicedb/dicedb-go/timeseries_commands.go:854.20,855.21 1 0
github.com/dicedb/dicedb-go/timeseries_commands.go:855.21,857.4 1 0
github.com/dicedb/dicedb-go/timeseries_commands.go:858.3,858.32 1 0
github.com/dicedb/dicedb-go/timeseries_commands.go:858.32,860.41 2 0
github.com/dicedb/dicedb-go/timeseries_commands.go:860.41,862.5 1 0
github.com/dicedb/dicedb-go/timeseries_commands.go:864.3,864.35 1 0
github.com/dicedb/dicedb-go/timeseries_commands.go:864.35,866.44 2 0
github.com/dicedb/dicedb-go/timeseries_commands.go:866.44,868.5 1 0
github.com/dicedb/dicedb-go/timeseries_commands.go:870.3,870.25 1 0
github.com/dicedb/dicedb-go/timeseries_commands.go:870.25,872.4 1 0
github.com/dicedb/dicedb-go/timeseries_commands.go:873.3,873.36 1 0
github.com/dicedb/dicedb-go/timeseries_commands.go:873.36,876.4 2 0
github.com/dicedb/dicedb-go/timeseries_commands.go:877.3,877.25 1 0
github.com/dicedb/dicedb-go/timeseries_commands.go:877.25,879.4 1 0
github.com/dicedb/dicedb-go/timeseries_commands.go:880.3,880.27 1 0
github.com/dicedb/dicedb-go/timeseries_commands.go:880.27,882.4 1 0
github.com/dicedb/dicedb-go/timeseries_commands.go:883.3,883.30 1 0
github.com/dicedb/dicedb-go/timeseries_commands.go:883.30,885.4 1 0
github.com/dicedb/dicedb-go/timeseries_commands.go:886.3,886.34 1 0
github.com/dicedb/dicedb-go/timeseries_commands.go:886.34,888.4 1 0
github.com/dicedb/dicedb-go/timeseries_commands.go:889.3,889.37 1 0
github.com/dicedb/dicedb-go/timeseries_commands.go:889.37,891.4 1 0
github.com/dicedb/dicedb-go/timeseries_commands.go:892.3,892.20 1 0
github.com/dicedb/dicedb-go/timeseries_commands.go:892.20,894.4 1 0
github.com/dicedb/dicedb-go/timeseries_commands.go:896.2,897.31 2 0
github.com/dicedb/dicedb-go/timeseries_commands.go:897.31,899.3 1 0
github.com/dicedb/dicedb-go/timeseries_commands.go:900.2,900.20 1 0
github.com/dicedb/dicedb-go/timeseries_commands.go:900.20,901.34 1 0
github.com/dicedb/dicedb-go/timeseries_commands.go:901.34,903.4 1 0
github.com/dicedb/dicedb-go/timeseries_commands.go:904.3,904.29 1 0
github.com/dicedb/dicedb-go/timeseries_commands.go:904.29,906.4 1 0
github.com/dicedb/dicedb-go/timeseries_commands.go:908.2,910.12 3 0
github.com/dicedb/dicedb-go/timeseries_commands.go:915.92,917.28 2 0
github.com/dicedb/dicedb-go/timeseries_commands.go:917.28,919.3 1 0
github.com/dicedb/dicedb-go/timeseries_commands.go:920.2,922.12 3 0
github.com/dicedb/dicedb-go/timeseries_commands.go:929.124,931.20 2 0
github.com/dicedb/dicedb-go/timeseries_commands.go:931.20,932.21 1 0
github.com/dicedb/dicedb-go/timeseries_commands.go:932.21,934.4 1 0
github.com/dicedb/dicedb-go/timeseries_commands.go:935.3,935.25 1 0
github.com/dicedb/dicedb-go/timeseries_commands.go:935.25,937.4 1 0
github.com/dicedb/dicedb-go/timeseries_commands.go:938.3,938.36 1 0
github.com/dicedb/dicedb-go/timeseries_commands.go:938.36,941.4 2 0
github.com/dicedb/dicedb-go/timeseries_commands.go:943.2,944.28 2 0
github.com/dicedb/dicedb-go/timeseries_commands.go:944.28,946.3 1 0
github.com/dicedb/dicedb-go/timeseries_commands.go:947.2,949.12 3 0
github.com/dicedb/dicedb-go/tx.go:25.30,35.2 3 1000
github.com/dicedb/dicedb-go/tx.go:37.21,47.2 3 1000
github.com/dicedb/dicedb-go/tx.go:49.60,53.2 3 1000
github.com/dicedb/dicedb-go/tx.go:59.87,62.19 3 1000
github.com/dicedb/dicedb-go/tx.go:62.19,63.54 1 0
github.com/dicedb/dicedb-go/tx.go:63.54,65.4 1 0
github.com/dicedb/dicedb-go/tx.go:67.2,67.15 1 1000
github.com/dicedb/dicedb-go/tx.go:71.47,74.2 2 1000
github.com/dicedb/dicedb-go/tx.go:78.68,81.27 3 0
github.com/dicedb/dicedb-go/tx.go:81.27,83.3 1 0
github.com/dicedb/dicedb-go/tx.go:84.2,86.12 3 0
github.com/dicedb/dicedb-go/tx.go:90.70,93.27 3 1000
github.com/dicedb/dicedb-go/tx.go:93.27,95.3 1 0
github.com/dicedb/dicedb-go/tx.go:96.2,98.12 3 1000
github.com/dicedb/dicedb-go/tx.go:102.35,104.55 1 1000
github.com/dicedb/dicedb-go/tx.go:104.55,106.4 1 1000
github.com/dicedb/dicedb-go/tx.go:108.2,109.14 2 1000
github.com/dicedb/dicedb-go/tx.go:114.88,116.2 1 1000
github.com/dicedb/dicedb-go/tx.go:126.90,128.2 1 0
github.com/dicedb/dicedb-go/tx.go:131.37,133.55 1 0
github.com/dicedb/dicedb-go/tx.go:133.55,136.4 2 0
github.com/dicedb/dicedb-go/tx.go:138.2,139.14 2 0
github.com/dicedb/dicedb-go/tx.go:142.63,143.20 1 2
github.com/dicedb/dicedb-go/tx.go:143.20,144.23 1 0
github.com/dicedb/dicedb-go/tx.go:146.2,150.17 5 2
github.com/dicedb/dicedb-go/universal.go:75.54,76.23 1 0
github.com/dicedb/dicedb-go/universal.go:76.23,78.3 1 0
github.com/dicedb/dicedb-go/universal.go:80.2,118.3 1 0
github.com/dicedb/dicedb-go/universal.go:122.56,123.23 1 0
github.com/dicedb/dicedb-go/universal.go:123.23,125.3 1 0
github.com/dicedb/dicedb-go/universal.go:127.2,165.3 1 0
github.com/dicedb/dicedb-go/universal.go:169.46,171.22 2 0
github.com/dicedb/dicedb-go/universal.go:171.22,173.3 1 0
github.com/dicedb/dicedb-go/universal.go:175.2,209.3 1 0
github.com/dicedb/dicedb-go/universal.go:243.65,244.27 1 0
github.com/dicedb/dicedb-go/universal.go:244.27,246.3 1 0
github.com/dicedb/dicedb-go/universal.go:246.8,246.32 1 0
github.com/dicedb/dicedb-go/universal.go:246.32,248.3 1 0
github.com/dicedb/dicedb-go/universal.go:249.2,249.33 1 0
github.com/dicedb/dicedb-go/version.go:4.23,6.2 1 44
github.com/dicedb/dicedb-go/watch_connection.go:23.39,25.2 1 0
github.com/dicedb/dicedb-go/watch_connection.go:50.28,52.2 1 0
github.com/dicedb/dicedb-go/watch_connection.go:54.37,56.40 2 0
github.com/dicedb/dicedb-go/watch_connection.go:56.40,58.3 1 0
github.com/dicedb/dicedb-go/watch_connection.go:59.2,59.50 1 0
github.com/dicedb/dicedb-go/watch_connection.go:62.112,67.2 4 0
github.com/dicedb/dicedb-go/watch_connection.go:69.104,70.14 1 0
github.com/dicedb/dicedb-go/watch_connection.go:70.14,72.3 1 0
github.com/dicedb/dicedb-go/watch_connection.go:73.2,73.17 1 0
github.com/dicedb/dicedb-go/watch_connection.go:73.17,75.3 1 0
github.com/dicedb/dicedb-go/watch_connection.go:77.2,78.16 2 0
github.com/dicedb/dicedb-go/watch_connection.go:78.16,80.3 1 0
github.com/dicedb/dicedb-go/watch_connection.go:82.2,82.47 1 0
github.com/dicedb/dicedb-go/watch_connection.go:82.47,85.3 2 0
github.com/dicedb/dicedb-go/watch_connection.go:87.2,88.16 2 0
github.com/dicedb/dicedb-go/watch_connection.go:92.83,93.77 1 0
github.com/dicedb/dicedb-go/watch_connection.go:93.77,95.3 1 0
github.com/dicedb/dicedb-go/watch_connection.go:99.75,102.40 2 0
github.com/dicedb/dicedb-go/watch_connection.go:102.40,104.36 2 0
github.com/dicedb/dicedb-go/watch_connection.go:104.36,106.4 1 0
github.com/dicedb/dicedb-go/watch_connection.go:109.2,109.17 1 0
github.com/dicedb/dicedb-go/watch_connection.go:113.114,119.2 5 0
github.com/dicedb/dicedb-go/watch_connection.go:121.107,125.2 3 0
github.com/dicedb/dicedb-go/watch_connection.go:127.99,128.16 1 0
github.com/dicedb/dicedb-go/watch_connection.go:128.16,130.3 1 0
github.com/dicedb/dicedb-go/watch_connection.go:131.2,131.46 1 0
github.com/dicedb/dicedb-go/watch_connection.go:131.46,133.3 1 0
github.com/dicedb/dicedb-go/watch_connection.go:138.66,141.2 2 0
github.com/dicedb/dicedb-go/watch_connection.go:145.52,146.17 1 0
github.com/dicedb/dicedb-go/watch_connection.go:146.17,148.3 1 0
github.com/dicedb/dicedb-go/watch_connection.go:149.2,149.15 1 0
github.com/dicedb/dicedb-go/watch_connection.go:149.15,151.3 1 0
github.com/dicedb/dicedb-go/watch_connection.go:152.2,154.12 3 0
github.com/dicedb/dicedb-go/watch_connection.go:158.35,162.14 3 0
github.com/dicedb/dicedb-go/watch_connection.go:162.14,164.3 1 0
github.com/dicedb/dicedb-go/watch_connection.go:165.2,168.37 3 0
github.com/dicedb/dicedb-go/watch_connection.go:173.107,178.16 3 0
github.com/dicedb/dicedb-go/watch_connection.go:178.16,180.3 1 0
github.com/dicedb/dicedb-go/watch_connection.go:182.2,182.23 1 0
github.com/dicedb/dicedb-go/watch_connection.go:182.23,184.3 1 0
github.com/dicedb/dicedb-go/watch_connection.go:185.2,191.16 4 0
github.com/dicedb/dicedb-go/watch_connection.go:191.16,193.3 1 0
github.com/dicedb/dicedb-go/watch_connection.go:195.2,195.22 1 0
github.com/dicedb/dicedb-go/watch_connection.go:198.94,200.2 1 0
github.com/dicedb/dicedb-go/watch_connection.go:202.97,204.2 1 0
github.com/dicedb/dicedb-go/watch_connection.go:208.98,210.16 2 0
github.com/dicedb/dicedb-go/watch_connection.go:210.16,212.3 1 0
github.com/dicedb/dicedb-go/watch_connection.go:214.2,216.12 3 0
github.com/dicedb/dicedb-go/watch_connection.go:220.73,221.31 1 0
github.com/dicedb/dicedb-go/watch_connection.go:222.14,223.36 1 0
github.com/dicedb/dicedb-go/watch_connection.go:224.21,225.22 1 0
github.com/dicedb/dicedb-go/watch_connection.go:225.22,227.4 1 0
github.com/dicedb/dicedb-go/watch_connection.go:229.3,230.10 2 0
github.com/dicedb/dicedb-go/watch_connection.go:230.10,232.4 1 0
github.com/dicedb/dicedb-go/watch_connection.go:234.3,234.21 1 0
github.com/dicedb/dicedb-go/watch_connection.go:234.21,236.4 1 0
github.com/dicedb/dicedb-go/watch_connection.go:236.9,238.4 1 0
github.com/dicedb/dicedb-go/watch_connection.go:239.10,240.84 1 0
github.com/dicedb/dicedb-go/watch_connection.go:245.85,246.22 1 0
github.com/dicedb/dicedb-go/watch_connection.go:246.22,248.3 1 0
github.com/dicedb/dicedb-go/watch_connection.go:251.2,252.9 2 0
github.com/dicedb/dicedb-go/watch_connection.go:252.9,254.3 1 0
github.com/dicedb/dicedb-go/watch_connection.go:257.2,258.9 2 0
github.com/dicedb/dicedb-go/watch_connection.go:258.9,260.3 1 0
github.com/dicedb/dicedb-go/watch_connection.go:262.2,265.17 3 0
github.com/dicedb/dicedb-go/watch_connection.go:266.26,267.18 1 0
github.com/dicedb/dicedb-go/watch_connection.go:267.18,269.4 1 0
github.com/dicedb/dicedb-go/watch_connection.go:270.3,271.10 2 0
github.com/dicedb/dicedb-go/watch_connection.go:271.10,273.4 1 0
github.com/dicedb/dicedb-go/watch_connection.go:274.32,276.10 2 0
github.com/dicedb/dicedb-go/watch_connection.go:276.10,278.4 1 0
github.com/dicedb/dicedb-go/watch_connection.go:279.10,280.19 1 0
github.com/dicedb/dicedb-go/watch_connection.go:283.2,283.87 1 0
github.com/dicedb/dicedb-go/watch_connection.go:287.54,289.9 2 0
github.com/dicedb/dicedb-go/watch_connection.go:289.9,291.3 1 0
github.com/dicedb/dicedb-go/watch_connection.go:293.2,294.40 2 0
github.com/dicedb/dicedb-go/watch_connection.go:294.40,297.19 3 0
github.com/dicedb/dicedb-go/watch_connection.go:297.19,299.4 1 0
github.com/dicedb/dicedb-go/watch_connection.go:300.3,301.17 2 0
github.com/dicedb/dicedb-go/watch_connection.go:301.17,303.4 1 0
github.com/dicedb/dicedb-go/watch_connection.go:304.3,307.5 1 0
github.com/dicedb/dicedb-go/watch_connection.go:309.2,309.21 1 0
github.com/dicedb/dicedb-go/watch_connection.go:315.101,316.18 1 0
github.com/dicedb/dicedb-go/watch_connection.go:316.18,318.3 1 0
github.com/dicedb/dicedb-go/watch_connection.go:320.2,321.16 2 0
github.com/dicedb/dicedb-go/watch_connection.go:321.16,323.3 1 0
github.com/dicedb/dicedb-go/watch_connection.go:325.2,325.65 1 0
github.com/dicedb/dicedb-go/watch_connection.go:325.65,327.3 1 0
github.com/dicedb/dicedb-go/watch_connection.go:329.2,331.16 2 0
github.com/dicedb/dicedb-go/watch_connection.go:331.16,333.3 1 0
github.com/dicedb/dicedb-go/watch_connection.go:335.2,335.35 1 0
github.com/dicedb/dicedb-go/watch_connection.go:340.71,342.2 1 0
github.com/dicedb/dicedb-go/watch_connection.go:346.80,347.6 1 0
github.com/dicedb/dicedb-go/watch_connection.go:347.6,349.17 2 0
github.com/dicedb/dicedb-go/watch_connection.go:349.17,351.4 1 0
github.com/dicedb/dicedb-go/watch_connection.go:353.3,353.28 1 0
github.com/dicedb/dicedb-go/watch_connection.go:354.14,354.14 0 0
github.com/dicedb/dicedb-go/watch_connection.go:356.21,357.19 1 0
github.com/dicedb/dicedb-go/watch_connection.go:358.11,359.66 1 0
github.com/dicedb/dicedb-go/watch_connection.go:364.50,365.18 1 0
github.com/dicedb/dicedb-go/watch_connection.go:365.18,367.3 1 0
github.com/dicedb/dicedb-go/watch_connection.go:368.2,368.29 1 0
github.com/dicedb/dicedb-go/watch_connection.go:378.73,379.21 1 0
github.com/dicedb/dicedb-go/watch_connection.go:379.21,382.3 2 0
github.com/dicedb/dicedb-go/watch_connection.go:383.2,383.20 1 0
github.com/dicedb/dicedb-go/watch_connection.go:383.20,385.13 2 0
github.com/dicedb/dicedb-go/watch_connection.go:387.2,387.22 1 0
github.com/dicedb/dicedb-go/watch_connection.go:408.48,409.27 1 0
github.com/dicedb/dicedb-go/watch_connection.go:409.27,411.3 1 0
github.com/dicedb/dicedb-go/watch_connection.go:418.70,419.27 1 0
github.com/dicedb/dicedb-go/watch_connection.go:419.27,421.3 1 0
github.com/dicedb/dicedb-go/watch_connection.go:427.62,428.27 1 0
github.com/dicedb/dicedb-go/watch_connection.go:428.27,430.3 1 0
github.com/dicedb/dicedb-go/watch_connection.go:434.84,441.27 2 0
github.com/dicedb/dicedb-go/watch_connection.go:441.27,443.3 1 0
github.com/dicedb/dicedb-go/watch_connection.go:444.2,444.25 1 0
github.com/dicedb/dicedb-go/watch_connection.go:444.25,446.3 1 0
github.com/dicedb/dicedb-go/watch_connection.go:447.2,447.10 1 0
github.com/dicedb/dicedb-go/watch_connection.go:451.72,453.23 2 0
github.com/dicedb/dicedb-go/watch_connection.go:453.23,455.3 1 0
github.com/dicedb/dicedb-go/watch_connection.go:456.2,462.16 5 0
github.com/dicedb/dicedb-go/watch_connection.go:462.16,464.3 1 0
github.com/dicedb/dicedb-go/watch_connection.go:466.2,468.12 3 0
github.com/dicedb/dicedb-go/watch_connection.go:472.38,476.12 3 0
github.com/dicedb/dicedb-go/watch_connection.go:476.12,480.7 3 0
github.com/dicedb/dicedb-go/watch_connection.go:480.7,482.11 2 0
github.com/dicedb/dicedb-go/watch_connection.go:483.18,484.22 1 0
github.com/dicedb/dicedb-go/watch_connection.go:484.22,486.6 1 0
github.com/dicedb/dicedb-go/watch_connection.go:487.19,488.56 1 0
github.com/dicedb/dicedb-go/watch_connection.go:488.56,492.6 3 0
github.com/dicedb/dicedb-go/watch_connection.go:493.27,494.11 1 0
github.com/dicedb/dicedb-go/watch_connection.go:501.34,505.12 3 0
github.com/dicedb/dicedb-go/watch_connection.go:505.12,510.7 4 0
github.com/dicedb/dicedb-go/watch_connection.go:510.7,512.18 2 0
github.com/dicedb/dicedb-go/watch_connection.go:512.18,513.39 1 0
github.com/dicedb/dicedb-go/watch_connection.go:513.39,516.6 2 0
github.com/dicedb/dicedb-go/watch_connection.go:517.5,517.21 1 0
github.com/dicedb/dicedb-go/watch_connection.go:517.21,519.6 1 0
github.com/dicedb/dicedb-go/watch_connection.go:520.5,521.13 2 0
github.com/dicedb/dicedb-go/watch_connection.go:524.4,527.11 2 0
github.com/dicedb/dicedb-go/watch_connection.go:528.30,528.30 0 0
github.com/dicedb/dicedb-go/watch_connection.go:529.12,529.12 0 0
github.com/dicedb/dicedb-go/watch_connection.go:532.4,532.29 1 0
github.com/dicedb/dicedb-go/watch_connection.go:533.15,533.15 0 0
github.com/dicedb/dicedb-go/watch_connection.go:535.22,537.12 2 0
github.com/dicedb/dicedb-go/watch_connection.go:538.25,539.23 1 0
github.com/dicedb/dicedb-go/watch_connection.go:539.23,541.7 1 0
github.com/dicedb/dicedb-go/watch_connection.go:542.20,545.37 1 0
github.com/dicedb/dicedb-go/watch_connection.go:547.12,548.72 1 0
github.com/dicedb/dicedb-go/watch_connection.go:556.93,561.16 4 0
github.com/dicedb/dicedb-go/watch_connection.go:561.16,563.3 1 0
github.com/dicedb/dicedb-go/watch_connection.go:564.2,564.12 1 0
github.com/dicedb/dicedb-go/watch_connection.go:569.100,571.16 2 0
github.com/dicedb/dicedb-go/watch_connection.go:571.16,573.3 1 0
github.com/dicedb/dicedb-go/watch_connection.go:575.2,577.12 3 0
github.com/dicedb/dicedb-go/watch_connection.go:581.116,587.2 5 0
github.com/dicedb/dicedb-go/internal/rand/rand.go:9.16,9.39 1 0
github.com/dicedb/dicedb-go/internal/rand/rand.go:13.22,13.47 1 0
github.com/dicedb/dicedb-go/internal/rand/rand.go:17.28,17.55 1 0
github.com/dicedb/dicedb-go/internal/rand/rand.go:20.24,20.49 1 0
github.com/dicedb/dicedb-go/internal/rand/rand.go:25.20,25.38 1 0
github.com/dicedb/dicedb-go/internal/rand/rand.go:34.32,39.2 4 0
github.com/dicedb/dicedb-go/internal/rand/rand.go:41.35,45.2 3 0
github.com/dicedb/dicedb-go/internal/rand/rand.go:50.42,50.69 1 0
github.com/dicedb/dicedb-go/internal/util/strconv.go:5.34,7.2 1 445
github.com/dicedb/dicedb-go/internal/util/strconv.go:9.63,11.2 1 73
github.com/dicedb/dicedb-go/internal/util/strconv.go:13.65,15.2 1 0
github.com/dicedb/dicedb-go/internal/util/strconv.go:17.57,19.2 1 0
github.com/dicedb/dicedb-go/internal/util/type.go:3.27,5.2 1 0
github.com/dicedb/dicedb-go/internal/util/unsafe.go:10.37,12.2 1 883
github.com/dicedb/dicedb-go/internal/util/unsafe.go:15.37,22.2 1 4634
