mode: atomic
github.com/redis/go-redis/example/redis-bloom/main.go:10.13,29.2 11 0
github.com/redis/go-redis/example/redis-bloom/main.go:31.59,33.16 2 0
github.com/redis/go-redis/example/redis-bloom/main.go:33.16,34.13 1 0
github.com/redis/go-redis/example/redis-bloom/main.go:36.2,36.14 1 0
github.com/redis/go-redis/example/redis-bloom/main.go:36.14,38.3 1 0
github.com/redis/go-redis/example/redis-bloom/main.go:38.8,40.3 1 0
github.com/redis/go-redis/example/redis-bloom/main.go:42.2,42.50 1 0
github.com/redis/go-redis/example/redis-bloom/main.go:42.50,44.17 2 0
github.com/redis/go-redis/example/redis-bloom/main.go:44.17,45.14 1 0
github.com/redis/go-redis/example/redis-bloom/main.go:47.3,47.13 1 0
github.com/redis/go-redis/example/redis-bloom/main.go:47.13,49.4 1 0
github.com/redis/go-redis/example/redis-bloom/main.go:49.9,51.4 1 0
github.com/redis/go-redis/example/redis-bloom/main.go:54.2,55.16 2 0
github.com/redis/go-redis/example/redis-bloom/main.go:55.16,56.13 1 0
github.com/redis/go-redis/example/redis-bloom/main.go:58.2,58.46 1 0
github.com/redis/go-redis/example/redis-bloom/main.go:61.60,63.16 2 0
github.com/redis/go-redis/example/redis-bloom/main.go:63.16,64.13 1 0
github.com/redis/go-redis/example/redis-bloom/main.go:66.2,66.14 1 0
github.com/redis/go-redis/example/redis-bloom/main.go:66.14,68.3 1 0
github.com/redis/go-redis/example/redis-bloom/main.go:68.8,70.3 1 0
github.com/redis/go-redis/example/redis-bloom/main.go:72.2,72.50 1 0
github.com/redis/go-redis/example/redis-bloom/main.go:72.50,74.17 2 0
github.com/redis/go-redis/example/redis-bloom/main.go:74.17,75.14 1 0
github.com/redis/go-redis/example/redis-bloom/main.go:77.3,77.13 1 0
github.com/redis/go-redis/example/redis-bloom/main.go:77.13,79.4 1 0
github.com/redis/go-redis/example/redis-bloom/main.go:79.9,81.4 1 0
github.com/redis/go-redis/example/redis-bloom/main.go:84.2,85.16 2 0
github.com/redis/go-redis/example/redis-bloom/main.go:85.16,86.13 1 0
github.com/redis/go-redis/example/redis-bloom/main.go:88.2,88.13 1 0
github.com/redis/go-redis/example/redis-bloom/main.go:88.13,90.3 1 0
github.com/redis/go-redis/example/redis-bloom/main.go:93.62,94.86 1 0
github.com/redis/go-redis/example/redis-bloom/main.go:94.86,95.13 1 0
github.com/redis/go-redis/example/redis-bloom/main.go:98.2,101.29 3 0
github.com/redis/go-redis/example/redis-bloom/main.go:101.29,105.79 3 0
github.com/redis/go-redis/example/redis-bloom/main.go:105.79,106.14 1 0
github.com/redis/go-redis/example/redis-bloom/main.go:108.3,108.17 1 0
github.com/redis/go-redis/example/redis-bloom/main.go:111.2,111.34 1 0
github.com/redis/go-redis/example/redis-bloom/main.go:111.34,113.17 2 0
github.com/redis/go-redis/example/redis-bloom/main.go:113.17,114.14 1 0
github.com/redis/go-redis/example/redis-bloom/main.go:116.3,116.65 1 0
github.com/redis/go-redis/example/redis-bloom/main.go:120.52,121.74 1 0
github.com/redis/go-redis/example/redis-bloom/main.go:121.74,122.13 1 0
github.com/redis/go-redis/example/redis-bloom/main.go:125.2,134.34 2 0
github.com/redis/go-redis/example/redis-bloom/main.go:134.34,135.30 1 0
github.com/redis/go-redis/example/redis-bloom/main.go:135.30,136.81 1 0
github.com/redis/go-redis/example/redis-bloom/main.go:136.81,137.15 1 0
github.com/redis/go-redis/example/redis-bloom/main.go:142.2,143.16 2 0
github.com/redis/go-redis/example/redis-bloom/main.go:143.16,144.13 1 0
github.com/redis/go-redis/example/redis-bloom/main.go:147.2,147.29 1 0
github.com/redis/go-redis/example/redis-bloom/main.go:147.29,149.17 2 0
github.com/redis/go-redis/example/redis-bloom/main.go:149.17,150.14 1 0
github.com/redis/go-redis/example/redis-bloom/main.go:152.3,152.68 1 0
