mode: atomic
github.com/redis/go-redis/extra/rediscmd/v9/rediscmd.go:13.41,17.2 3 0
github.com/redis/go-redis/extra/rediscmd/v9/rediscmd.go:19.55,28.27 6 0
github.com/redis/go-redis/extra/rediscmd/v9/rediscmd.go:28.27,29.22 1 0
github.com/redis/go-redis/extra/rediscmd/v9/rediscmd.go:29.22,30.9 1 0
github.com/redis/go-redis/extra/rediscmd/v9/rediscmd.go:33.3,33.12 1 0
github.com/redis/go-redis/extra/rediscmd/v9/rediscmd.go:33.12,35.4 1 0
github.com/redis/go-redis/extra/rediscmd/v9/rediscmd.go:36.3,38.36 2 0
github.com/redis/go-redis/extra/rediscmd/v9/rediscmd.go:38.36,39.12 1 0
github.com/redis/go-redis/extra/rediscmd/v9/rediscmd.go:42.3,43.31 2 0
github.com/redis/go-redis/extra/rediscmd/v9/rediscmd.go:43.31,46.4 2 0
github.com/redis/go-redis/extra/rediscmd/v9/rediscmd.go:49.2,50.27 2 0
github.com/redis/go-redis/extra/rediscmd/v9/rediscmd.go:53.51,56.33 2 0
github.com/redis/go-redis/extra/rediscmd/v9/rediscmd.go:56.33,57.22 1 0
github.com/redis/go-redis/extra/rediscmd/v9/rediscmd.go:57.22,58.9 1 0
github.com/redis/go-redis/extra/rediscmd/v9/rediscmd.go:60.3,60.12 1 0
github.com/redis/go-redis/extra/rediscmd/v9/rediscmd.go:60.12,62.4 1 0
github.com/redis/go-redis/extra/rediscmd/v9/rediscmd.go:63.3,63.24 1 0
github.com/redis/go-redis/extra/rediscmd/v9/rediscmd.go:66.2,66.34 1 0
github.com/redis/go-redis/extra/rediscmd/v9/rediscmd.go:66.34,69.3 2 0
github.com/redis/go-redis/extra/rediscmd/v9/rediscmd.go:71.2,71.10 1 0
github.com/redis/go-redis/extra/rediscmd/v9/rediscmd.go:74.48,77.23 2 8
github.com/redis/go-redis/extra/rediscmd/v9/rediscmd.go:78.11,79.31 1 0
github.com/redis/go-redis/extra/rediscmd/v9/rediscmd.go:80.14,81.27 1 8
github.com/redis/go-redis/extra/rediscmd/v9/rediscmd.go:81.27,83.4 1 0
github.com/redis/go-redis/extra/rediscmd/v9/rediscmd.go:84.3,84.39 1 8
github.com/redis/go-redis/extra/rediscmd/v9/rediscmd.go:85.14,86.27 1 0
github.com/redis/go-redis/extra/rediscmd/v9/rediscmd.go:86.27,88.4 1 0
github.com/redis/go-redis/extra/rediscmd/v9/rediscmd.go:89.3,89.32 1 0
github.com/redis/go-redis/extra/rediscmd/v9/rediscmd.go:90.11,91.44 1 0
github.com/redis/go-redis/extra/rediscmd/v9/rediscmd.go:92.12,93.44 1 0
github.com/redis/go-redis/extra/rediscmd/v9/rediscmd.go:94.13,95.44 1 0
github.com/redis/go-redis/extra/rediscmd/v9/rediscmd.go:96.13,97.44 1 0
github.com/redis/go-redis/extra/rediscmd/v9/rediscmd.go:98.13,99.37 1 0
github.com/redis/go-redis/extra/rediscmd/v9/rediscmd.go:100.12,101.46 1 0
github.com/redis/go-redis/extra/rediscmd/v9/rediscmd.go:102.13,103.46 1 0
github.com/redis/go-redis/extra/rediscmd/v9/rediscmd.go:104.14,105.46 1 0
github.com/redis/go-redis/extra/rediscmd/v9/rediscmd.go:106.14,107.46 1 0
github.com/redis/go-redis/extra/rediscmd/v9/rediscmd.go:108.14,109.38 1 0
github.com/redis/go-redis/extra/rediscmd/v9/rediscmd.go:110.15,111.57 1 0
github.com/redis/go-redis/extra/rediscmd/v9/rediscmd.go:112.15,113.48 1 0
github.com/redis/go-redis/extra/rediscmd/v9/rediscmd.go:114.12,115.8 1 0
github.com/redis/go-redis/extra/rediscmd/v9/rediscmd.go:115.8,117.4 1 0
github.com/redis/go-redis/extra/rediscmd/v9/rediscmd.go:118.3,118.31 1 0
github.com/redis/go-redis/extra/rediscmd/v9/rediscmd.go:119.17,120.45 1 0
github.com/redis/go-redis/extra/rediscmd/v9/rediscmd.go:121.10,122.37 1 0
github.com/redis/go-redis/extra/rediscmd/v9/rediscmd.go:126.54,127.19 1 8
github.com/redis/go-redis/extra/rediscmd/v9/rediscmd.go:127.19,130.3 2 6
github.com/redis/go-redis/extra/rediscmd/v9/rediscmd.go:132.2,135.12 4 2
github.com/redis/go-redis/extra/rediscmd/v9/rediscmd.go:138.30,139.22 1 8
github.com/redis/go-redis/extra/rediscmd/v9/rediscmd.go:139.22,140.23 1 46
github.com/redis/go-redis/extra/rediscmd/v9/rediscmd.go:140.23,142.4 1 2
github.com/redis/go-redis/extra/rediscmd/v9/rediscmd.go:144.2,144.13 1 6
github.com/redis/go-redis/extra/rediscmd/v9/rediscmd.go:147.32,149.2 1 46
github.com/redis/go-redis/extra/rediscmd/v9/unsafe.go:9.30,11.2 1 0
github.com/redis/go-redis/extra/rediscmd/v9/unsafe.go:14.29,21.2 1 8
