mode: atomic
github.com/redis/go-redis/example/del-keys-without-ttl/main.go:13.13,30.21 10 0
github.com/redis/go-redis/example/del-keys-without-ttl/main.go:30.21,32.3 1 0
github.com/redis/go-redis/example/del-keys-without-ttl/main.go:33.2,33.35 1 0
github.com/redis/go-redis/example/del-keys-without-ttl/main.go:33.35,34.13 1 0
github.com/redis/go-redis/example/del-keys-without-ttl/main.go:37.2,38.66 2 0
github.com/redis/go-redis/example/del-keys-without-ttl/main.go:51.66,59.2 1 0
github.com/redis/go-redis/example/del-keys-without-ttl/main.go:61.38,63.2 1 0
github.com/redis/go-redis/example/del-keys-without-ttl/main.go:65.49,67.12 2 0
github.com/redis/go-redis/example/del-keys-without-ttl/main.go:67.12,69.36 2 0
github.com/redis/go-redis/example/del-keys-without-ttl/main.go:69.36,70.14 1 0
github.com/redis/go-redis/example/del-keys-without-ttl/main.go:74.2,75.12 2 0
github.com/redis/go-redis/example/del-keys-without-ttl/main.go:75.12,81.25 4 0
github.com/redis/go-redis/example/del-keys-without-ttl/main.go:81.25,83.29 2 0
github.com/redis/go-redis/example/del-keys-without-ttl/main.go:83.29,84.13 1 0
github.com/redis/go-redis/example/del-keys-without-ttl/main.go:87.4,87.49 1 0
github.com/redis/go-redis/example/del-keys-without-ttl/main.go:87.49,89.5 1 0
github.com/redis/go-redis/example/del-keys-without-ttl/main.go:90.4,90.19 1 0
github.com/redis/go-redis/example/del-keys-without-ttl/main.go:93.3,93.20 1 0
github.com/redis/go-redis/example/del-keys-without-ttl/main.go:93.20,94.49 1 0
github.com/redis/go-redis/example/del-keys-without-ttl/main.go:94.49,96.5 1 0
github.com/redis/go-redis/example/del-keys-without-ttl/main.go:97.4,97.14 1 0
github.com/redis/go-redis/example/del-keys-without-ttl/main.go:102.33,106.2 3 0
github.com/redis/go-redis/example/del-keys-without-ttl/main.go:108.74,109.69 1 0
github.com/redis/go-redis/example/del-keys-without-ttl/main.go:109.69,110.28 1 0
github.com/redis/go-redis/example/del-keys-without-ttl/main.go:110.28,112.4 1 0
github.com/redis/go-redis/example/del-keys-without-ttl/main.go:113.3,113.13 1 0
github.com/redis/go-redis/example/del-keys-without-ttl/main.go:115.2,115.16 1 0
github.com/redis/go-redis/example/del-keys-without-ttl/main.go:115.16,117.3 1 0
github.com/redis/go-redis/example/del-keys-without-ttl/main.go:119.2,119.27 1 0
github.com/redis/go-redis/example/del-keys-without-ttl/main.go:119.27,121.17 2 0
github.com/redis/go-redis/example/del-keys-without-ttl/main.go:121.17,123.4 1 0
github.com/redis/go-redis/example/del-keys-without-ttl/main.go:124.3,124.14 1 0
github.com/redis/go-redis/example/del-keys-without-ttl/main.go:124.14,126.4 1 0
github.com/redis/go-redis/example/del-keys-without-ttl/main.go:129.2,129.12 1 0
github.com/redis/go-redis/example/del-keys-without-ttl/main.go:132.53,135.27 2 0
github.com/redis/go-redis/example/del-keys-without-ttl/main.go:135.27,140.31 4 0
github.com/redis/go-redis/example/del-keys-without-ttl/main.go:140.31,141.12 1 0
github.com/redis/go-redis/example/del-keys-without-ttl/main.go:144.3,144.43 1 0
github.com/redis/go-redis/example/del-keys-without-ttl/main.go:144.43,146.4 1 0
github.com/redis/go-redis/example/del-keys-without-ttl/main.go:149.2,149.42 1 0
github.com/redis/go-redis/example/del-keys-without-ttl/main.go:149.42,151.3 1 0
github.com/redis/go-redis/example/del-keys-without-ttl/main.go:153.2,153.12 1 0
