mode: atomic
github.com/redis/go-redis/internal/customvet/main.go:9.13,13.2 1 0
github.com/redis/go-redis/internal/customvet/checks/setval/setval.go:15.54,19.35 3 1
github.com/redis/go-redis/internal/customvet/checks/setval/setval.go:19.35,20.36 1 1
github.com/redis/go-redis/internal/customvet/checks/setval/setval.go:20.36,23.21 2 7
github.com/redis/go-redis/internal/customvet/checks/setval/setval.go:24.19,25.43 1 2
github.com/redis/go-redis/internal/customvet/checks/setval/setval.go:26.19,27.48 1 1
github.com/redis/go-redis/internal/customvet/checks/setval/setval.go:32.3,32.38 1 1
github.com/redis/go-redis/internal/customvet/checks/setval/setval.go:32.38,33.37 1 2
github.com/redis/go-redis/internal/customvet/checks/setval/setval.go:33.37,35.5 1 1
github.com/redis/go-redis/internal/customvet/checks/setval/setval.go:38.3,38.18 1 1
github.com/redis/go-redis/internal/customvet/checks/setval/setval.go:42.90,44.9 2 7
github.com/redis/go-redis/internal/customvet/checks/setval/setval.go:44.9,46.3 1 3
github.com/redis/go-redis/internal/customvet/checks/setval/setval.go:48.2,48.26 1 4
github.com/redis/go-redis/internal/customvet/checks/setval/setval.go:48.26,50.3 1 0
github.com/redis/go-redis/internal/customvet/checks/setval/setval.go:52.2,52.34 1 4
github.com/redis/go-redis/internal/customvet/checks/setval/setval.go:52.34,54.3 1 0
github.com/redis/go-redis/internal/customvet/checks/setval/setval.go:56.2,57.28 2 4
github.com/redis/go-redis/internal/customvet/checks/setval/setval.go:57.28,59.3 1 0
github.com/redis/go-redis/internal/customvet/checks/setval/setval.go:61.2,61.53 1 4
