mode: atomic
github.com/redis/go-redis/example/lua-scripting/main.go:9.13,18.42 5 0
github.com/redis/go-redis/example/lua-scripting/main.go:18.42,20.17 2 0
github.com/redis/go-redis/example/lua-scripting/main.go:20.17,21.14 1 0
github.com/redis/go-redis/example/lua-scripting/main.go:23.3,23.46 1 0
github.com/redis/go-redis/example/lua-scripting/main.go:26.2,28.16 3 0
github.com/redis/go-redis/example/lua-scripting/main.go:28.16,29.13 1 0
github.com/redis/go-redis/example/lua-scripting/main.go:31.2,31.33 1 0
